#
# A fatal error has been detected by the Java Runtime Environment:
#
#  SIGBUS (0xa) at pc=0x0000000109ef14f0, pid=23866, tid=36107
#
# JRE version: Java(TM) SE Runtime Environment (17.0.2+8) (build 17.0.2+8-LTS-86)
# Java VM: Java HotSpot(TM) 64-Bit Server VM (17.0.2+8-LTS-86, mixed mode, sharing, tiered, compressed oops, compressed class ptrs, g1 gc, bsd-aarch64)
# Problematic frame:
# v  ~StubRoutines::SafeFetchN
#
# No core dump will be written. Core dumps have been disabled. To enable core dumping, try "ulimit -c unlimited" before starting Java again
#
# If you would like to submit a bug report, please visit:
#   https://bugreport.java.com/bugreport/crash.jsp
# The crash happened outside the Java Virtual Machine in native code.
# See problematic frame for where to report the bug.
#

---------------  S U M M A R Y ------------

Command Line: -javaagent:/Users/bourbxn/Library/Application Support/JetBrains/Toolbox/apps/IDEA-C/ch-0/213.6777.52/IntelliJ IDEA CE.app/Contents/lib/idea_rt.jar=58927:/Users/bourbxn/Library/Application Support/JetBrains/Toolbox/apps/IDEA-C/ch-0/213.6777.52/IntelliJ IDEA CE.app/Contents/bin -Dfile.encoding=UTF-8 --module-path=/Users/bourbxn/.m2/repository/org/openjfx/javafx-controls/17.0.1/javafx-controls-17.0.1-mac-aarch64.jar:/Users/bourbxn/.m2/repository/org/openjfx/javafx-base/17.0.1/javafx-base-17.0.1-mac-aarch64.jar:/Users/bourbxn/.m2/repository/org/openjfx/javafx-fxml/17.0.1/javafx-fxml-17.0.1-mac-aarch64.jar:/Users/bourbxn/.m2/repository/org/openjfx/javafx-graphics/17.0.1/javafx-graphics-17.0.1-mac-aarch64.jar:/Users/bourbxn/Dev/Object Oriented Programming Lab/GitHub/Lab09_1/target/classes -Djdk.module.main=com.javafx.lab09_1 com.javafx.lab09_1/com.javafx.lab09_1.HelloApplication

Host: "MacBookAir10,1" arm64 1 MHz, 8 cores, 8G, Darwin 21.3.0, macOS 12.2.1 (21D62)
Time: Tue Mar 15 18:08:14 2022 +07 elapsed time: 2.503223 seconds (0d 0h 0m 2s)

---------------  T H R E A D  ---------------

Current thread (0x000000012e8eae00):  JavaThread "InvokeLaterDispatcher" daemon [_thread_in_native, id=36107, stack(0x0000000172200000,0x0000000172403000)]

Stack: [0x0000000172200000,0x0000000172403000],  sp=0x00000001724027b0,  free space=2057k
Native frames: (J=compiled Java code, j=interpreted, Vv=VM code, C=native code)
v  ~StubRoutines::SafeFetchN
V  [libjvm.dylib+0x7a4748]  _ZN10OopStorage7releaseEPKP7oopDesc+0x20
V  [libjvm.dylib+0x4b9e90]  jni_DeleteGlobalRef+0xc4
C  [libglass.dylib+0xab08]  -[GlassRunnable dealloc]+0x34
C  [Foundation+0x84c7c]  -[_NSThreadPerformInfo dealloc]+0x30
C  [Foundation+0x51578]  -[NSObject(NSThreadPerformAdditions) performSelectorOnMainThread:withObject:waitUntilDone:]+0x88
C  0xe04e000109ef98ac
j  com.sun.glass.ui.mac.MacApplication.submitForLaterInvocation(Ljava/lang/Runnable;)V+2 javafx.graphics
j  com.sun.glass.ui.InvokeLaterDispatcher.run()V+82 javafx.graphics
v  ~StubRoutines::call_stub
V  [libjvm.dylib+0x4614e8]  _ZN9JavaCalls11call_helperEP9JavaValueRK12methodHandleP17JavaCallArgumentsP10JavaThread+0x38c
V  [libjvm.dylib+0x460504]  _ZN9JavaCalls12call_virtualEP9JavaValueP5KlassP6SymbolS5_P17JavaCallArgumentsP10JavaThread+0x11c
V  [libjvm.dylib+0x4605d0]  _ZN9JavaCalls12call_virtualEP9JavaValue6HandleP5KlassP6SymbolS6_P10JavaThread+0x64
V  [libjvm.dylib+0x513e50]  _ZL12thread_entryP10JavaThreadS0_+0xc4
V  [libjvm.dylib+0x90462c]  _ZN10JavaThread17thread_main_innerEv+0x134
V  [libjvm.dylib+0x902f54]  _ZN6Thread8call_runEv+0x128
V  [libjvm.dylib+0x7ab344]  _ZL19thread_native_entryP6Thread+0x158
C  [libsystem_pthread.dylib+0x7240]  _pthread_start+0x94

Java frames: (J=compiled Java code, j=interpreted, Vv=VM code)
j  com.sun.glass.ui.mac.MacApplication._submitForLaterInvocation(Ljava/lang/Runnable;)V+0 javafx.graphics
j  com.sun.glass.ui.mac.MacApplication.submitForLaterInvocation(Ljava/lang/Runnable;)V+2 javafx.graphics
j  com.sun.glass.ui.InvokeLaterDispatcher.run()V+82 javafx.graphics
v  ~StubRoutines::call_stub

siginfo: si_signo: 10 (SIGBUS), si_code: 1 (BUS_ADRALN), si_addr: 0x0000000109ef14f0

Register to memory mapping:

 x0=0x000000014d606d48 points into unknown readable memory: 0x0000000000000000 | 00 00 00 00 00 00 00 00
 x1=0x0 is NULL
 x2=0x00000007871ec0f0 is an oop: com.sun.glass.ui.InvokeLaterDispatcher$Future 
{0x00000007871ec0f0} - klass: 'com/sun/glass/ui/InvokeLaterDispatcher$Future'
 - ---- fields (total size 3 words):
 - private 'done' 'Z' @12  true
 - private final 'runnable' 'Ljava/lang/Runnable;' @16  a 'com/sun/javafx/application/PlatformImpl$$Lambda$92+0x0000000800c81990'{0x000000078706aff0} (f0e0d5fe)
 - final synthetic 'this$0' 'Lcom/sun/glass/ui/InvokeLaterDispatcher;' @20  a 'com/sun/glass/ui/InvokeLaterDispatcher'{0x0000000786815708} (f0d02ae1)
 x3=0x0 is NULL
 x4=0x00000000000130a8 is an unknown value
 x5=0x0 is NULL
 x6=0x0 is NULL
 x7=0x0 is NULL
 x8=0x0000000109ef14ec is at begin+0 in a stub
StubRoutines::SafeFetchN [0x0000000109ef14ec, 0x0000000109ef14f8] (12 bytes)
 x9=0x0 is NULL
x10=0x2010000030300000 is an unknown value
x11=0x0000000000000007 is an unknown value
x12=0x0000000000000007 is an unknown value
x13=0x0000600001cac060 points into unknown readable memory: 0x90430001ba419738 | 38 97 41 ba 01 00 43 90
x14=0x0000000000000001 is an unknown value
x15=0x0000000121db1f98: OBJC_CLASS_$_GlassRunnable+0 in /Users/bourbxn/.openjfx/cache/17.0.1/libglass.dylib at 0x0000000121d6c000
x16=0x00000001b9488094: pthread_getspecific+0 in /usr/lib/system/libsystem_pthread.dylib at 0x00000001b9486000
x17=0x000060000168c180 points into unknown readable memory: 0xfffffffffffffffe | fe ff ff ff ff ff ff ff
x18=0x0 is NULL
x19=0x00006000019a4070 points into unknown readable memory: 0x00006000030a40d0 | d0 40 0a 03 00 60 00 00
x20=0x000000014d606b40 points into unknown readable memory: 0x0000000000000000 | 00 00 00 00 00 00 00 00
x21=0x000000014d606d48 points into unknown readable memory: 0x0000000000000000 | 00 00 00 00 00 00 00 00
x22=0x000000012e8eae00 is a thread
x23=0x0000000000000001 is an unknown value
x24=0x000000014d606d00 is a global jni handle
x25=0x00000001023bd5e8: _ZN12StubRoutines17_safefetchN_entryE+0 in /Library/Java/JavaVirtualMachines/jdk-17.0.2.jdk/Contents/Home/lib/server/libjvm.dylib at 0x0000000101824000
x26=0x000000011f518278 is pointing into metadata
x27=0x0 is NULL
x28=0x000000012e8eae00 is a thread


Registers:
 x0=0x000000014d606d48  x1=0x0000000000000000  x2=0x00000007871ec0f0  x3=0x0000000000000000
 x4=0x00000000000130a8  x5=0x0000000000000000  x6=0x0000000000000000  x7=0x0000000000000000
 x8=0x0000000109ef14ec  x9=0x0000000000000000 x10=0x2010000030300000 x11=0x0000000000000007
x12=0x0000000000000007 x13=0x0000600001cac060 x14=0x0000000000000001 x15=0x0000000121db1f98
x16=0x00000001b9488094 x17=0x000060000168c180 x18=0x0000000000000000 x19=0x00006000019a4070
x20=0x000000014d606b40 x21=0x000000014d606d48 x22=0x000000012e8eae00 x23=0x0000000000000001
x24=0x000000014d606d00 x25=0x00000001023bd5e8 x26=0x000000011f518278 x27=0x0000000000000000
x28=0x000000012e8eae00  fp=0x00000001724027f0  lr=0x0000000101fc7518  sp=0x00000001724027b0
pc=0x0000000109ef14f0 cpsr=0x0000000060001000
Top of Stack: (sp=0x00000001724027b0)
0x00000001724027b0:   000000011f518278 0000000000000001
0x00000001724027c0:   00000001724029a8 00006000030b1280
0x00000001724027d0:   0000000000000000 000000014d606d30
0x00000001724027e0:   000000014d606d30 00006000019a4070
0x00000001724027f0:   0000000172402830 0000000101fc8748
0x0000000172402800:   0000000000000001 000000014d606d30
0x0000000172402810:   0000000000000000 000000014d606d30
0x0000000172402820:   0000000000000001 000000014e0e3200
0x0000000172402830:   0000000172402860 0000000101cdde90
0x0000000172402840:   00006000030b1270 0000000203a029e3
0x0000000172402850:   0000000000000000 00006000030b1270
0x0000000172402860:   0000000172402890 0000000121d76b08
0x0000000172402870:   aaec10ab41b80001 0000000000000000
0x0000000172402880:   0000000000000000 000060000278a340
0x0000000172402890:   00000001724028d0 00000001ba44cc7c
0x00000001724028a0:   00000001724029a8 00006000030b1280
0x00000001724028b0:   00006000030b1270 aaec10ab41b80001
0x00000001724028c0:   0000000000000000 0000000000000000
0x00000001724028d0:   0000000172402910 6c410001ba419578
0x00000001724028e0:   00000001724029a8 0000000109ef87c0
0x00000001724028f0:   0000000000000000 00000001023c4fa8
0x0000000172402900:   0000000172402920 0000000109ef7730
0x0000000172402910:   0000000172402980 e04e000109ef98ac
0x0000000172402920:   0000000172402920 000000080098c53d
0x0000000172402930:   0000000172402930 0000000000000000
0x0000000172402940:   00000001724029a8 000000011f518278
0x0000000172402950:   0000000786821068 0000000000000000
0x0000000172402960:   0000000000000000 000000011f4f7138
0x0000000172402970:   0000000000000000 0000000172402980
0x0000000172402980:   0000000172402a00 0000000109ef5fc8
0x0000000172402990:   0000000000000000 0000000000000000
0x00000001724029a0:   00000007871ec0f0 00000007868210e0 

Instructions: (pc=0x0000000109ef14f0)
0x0000000109ef13f0:   f2a04709 f2c00029 6d425935 1e640886
0x0000000109ef1400:   0c402d31 1e6408c7 1f5654d0 1e6c1017
0x0000000109ef1410:   1f5050d0 1f504cd0 1f5048d0 1e650af6
0x0000000109ef1420:   1f50d8f6 1f5694d6 1f5158f6 1e762880
0x0000000109ef1430:   36000501 1e614000 14000026 2e251ca5
0x0000000109ef1440:   d2943009 f2a04709 f2c00029 6d425d36
0x0000000109ef1450:   1e600806 0c402d32 1f5758c7 1e6c101a
0x0000000109ef1460:   1f4754c7 1e650805 1f4750c7 d2866668
0x0000000109ef1470:   f2a7fa68 1f474cc7 1e6608c0 1f4748c7
0x0000000109ef1480:   1e6e1019 eb08007f 540000ac 1f479400
0x0000000109ef1490:   1f460340 1e603b20 1400000e d2a7fd29
0x0000000109ef14a0:   eb09007f 540000ac 51480069 d3607d29
0x0000000109ef14b0:   9e670121 14000002 1e6a5001 1f679417
0x0000000109ef14c0:   1f668742 1e613b23 1e773857 1e773860
0x0000000109ef14d0:   a8c17ff3 910003bf a8c17bfd d65f03c0
0x0000000109ef14e0:   b9400001 aa0103e0 d65f03c0 f9400001
0x0000000109ef14f0:   aa0103e0 d65f03c0 00000000 00000000
0x0000000109ef1500:   00000000 00000000 00000000 00000000
0x0000000109ef1510:   00000000 00000000 00000000 00000000
0x0000000109ef1520:   00000000 00000000 00000000 00000000
0x0000000109ef1530:   00000000 00000000 00000000 00000000
0x0000000109ef1540:   00000000 00000000 00000000 00000000
0x0000000109ef1550:   00000000 00000000 00000000 00000000
0x0000000109ef1560:   00000000 00000000 00000000 00000000
0x0000000109ef1570:   00000000 00000000 00000000 00000000
0x0000000109ef1580:   00000000 00000000 00000000 00000000
0x0000000109ef1590:   00000000 00000000 00000000 00000000
0x0000000109ef15a0:   00000000 00000000 00000000 00000000
0x0000000109ef15b0:   00000000 00000000 00000000 00000000
0x0000000109ef15c0:   00000000 00000000 00000000 00000000
0x0000000109ef15d0:   00000000 00000000 00000000 00000000
0x0000000109ef15e0:   00000000 00000000 00000000 00000000 


Stack slot to memory mapping:
stack at sp + 0 slots: 0x000000011f518278 is pointing into metadata
stack at sp + 1 slots: 0x0000000000000001 is an unknown value
stack at sp + 2 slots: 0x00000001724029a8 is pointing into the stack for thread: 0x000000012e8eae00
stack at sp + 3 slots: 0x00006000030b1280 points into unknown readable memory: 0x01000002125960a1 | a1 60 59 12 02 00 00 01
stack at sp + 4 slots: 0x0 is NULL
stack at sp + 5 slots: 0x000000014d606d30 is a global jni handle
stack at sp + 6 slots: 0x000000014d606d30 is a global jni handle
stack at sp + 7 slots: 0x00006000019a4070 points into unknown readable memory: 0x00006000030a40d0 | d0 40 0a 03 00 60 00 00

StubRoutines::SafeFetchN [0x0000000109ef14ec, 0x0000000109ef14f8] (12 bytes)
[MachCode]
  0x0000000109ef14ec: 0100 40f9 | e003 01aa | c003 5fd6 
[/MachCode]

---------------  P R O C E S S  ---------------

Threads class SMR info:
_java_thread_list=0x00006000032a9200, length=20, elements={
0x000000014e01ba00, 0x000000014e050400, 0x000000014e052c00, 0x000000012e810c00,
0x000000014d80d600, 0x000000012f008200, 0x000000012f008800, 0x000000012f008e00,
0x000000012f009400, 0x000000014d821000, 0x000000013d84a600, 0x000000012e00ba00,
0x000000013d849e00, 0x000000012e8eae00, 0x000000014e0e3200, 0x000000013da77200,
0x000000014e0c5c00, 0x000000013da98000, 0x000000013da9a200, 0x000000012f009a00
}

Java Threads: ( => current thread )
  0x000000014e01ba00 JavaThread "main" [_thread_blocked, id=9731, stack(0x000000016f7f8000,0x000000016f9fb000)]
  0x000000014e050400 JavaThread "Reference Handler" daemon [_thread_blocked, id=16131, stack(0x000000017064c000,0x000000017084f000)]
  0x000000014e052c00 JavaThread "Finalizer" daemon [_thread_blocked, id=16387, stack(0x0000000170858000,0x0000000170a5b000)]
  0x000000012e810c00 JavaThread "Signal Dispatcher" daemon [_thread_blocked, id=43011, stack(0x0000000170b7c000,0x0000000170d7f000)]
  0x000000014d80d600 JavaThread "Service Thread" daemon [_thread_blocked, id=42499, stack(0x0000000170d88000,0x0000000170f8b000)]
  0x000000012f008200 JavaThread "Monitor Deflation Thread" daemon [_thread_blocked, id=23811, stack(0x0000000170f94000,0x0000000171197000)]
  0x000000012f008800 JavaThread "C2 CompilerThread0" daemon [_thread_in_native, id=24323, stack(0x00000001711a0000,0x00000001713a3000)]
  0x000000012f008e00 JavaThread "C1 CompilerThread0" daemon [_thread_blocked, id=41987, stack(0x00000001713ac000,0x00000001715af000)]
  0x000000012f009400 JavaThread "Sweeper thread" daemon [_thread_blocked, id=41731, stack(0x00000001715b8000,0x00000001717bb000)]
  0x000000014d821000 JavaThread "Common-Cleaner" daemon [_thread_blocked, id=24835, stack(0x00000001717c4000,0x00000001719c7000)]
  0x000000013d84a600 JavaThread "Monitor Ctrl-Break" daemon [_thread_in_native, id=40963, stack(0x00000001719d0000,0x0000000171bd3000)]
  0x000000012e00ba00 JavaThread "Notification Thread" daemon [_thread_blocked, id=25347, stack(0x0000000171bdc000,0x0000000171ddf000)]
  0x000000013d849e00 JavaThread "QuantumRenderer-0" daemon [_thread_blocked, id=25859, stack(0x0000000171ff4000,0x00000001721f7000)]
=>0x000000012e8eae00 JavaThread "InvokeLaterDispatcher" daemon [_thread_in_native, id=36107, stack(0x0000000172200000,0x0000000172403000)]
  0x000000014e0e3200 JavaThread "JavaFX Application Thread" [_thread_in_native, id=259, stack(0x000000016ef70000,0x000000016f76c000)]
  0x000000013da77200 JavaThread "JavaFX-Launcher" [_thread_blocked, id=53259, stack(0x0000000172730000,0x0000000172933000)]
  0x000000014e0c5c00 JavaThread "Prism Font Disposer" daemon [_thread_blocked, id=58671, stack(0x0000000173378000,0x000000017357b000)]
  0x000000013da98000 JavaThread "Cleaner-0" daemon [_thread_blocked, id=58391, stack(0x0000000173584000,0x0000000173787000)]
  0x000000013da9a200 JavaThread "Attach Listener" daemon [_thread_blocked, id=1287, stack(0x0000000173790000,0x0000000173993000)]
  0x000000012f009a00 JavaThread "PulseTimer-CVDisplayLink thread" daemon [_thread_in_native, id=78087, stack(0x0000000172498000,0x000000017251b000)]

Other Threads:
  0x000000014e809d00 VMThread "VM Thread" [stack: 0x0000000170440000,0x0000000170643000] [id=15363]
  0x000000013d607660 WatcherThread [stack: 0x0000000171de8000,0x0000000171feb000] [id=40707]
  0x000000014e807be0 GCTaskThread "GC Thread#0" [stack: 0x000000016fa04000,0x000000016fc07000] [id=12803]
  0x000000014e841d30 GCTaskThread "GC Thread#1" [stack: 0x000000017293c000,0x0000000172b3f000] [id=72451]
  0x000000014e841fe0 GCTaskThread "GC Thread#2" [stack: 0x0000000172b48000,0x0000000172d4b000] [id=57091]
  0x000000014e842460 GCTaskThread "GC Thread#3" [stack: 0x0000000172d54000,0x0000000172f57000] [id=72195]
  0x000000014e8428e0 GCTaskThread "GC Thread#4" [stack: 0x0000000172f60000,0x0000000173163000] [id=57603]
  0x000000014e842d60 GCTaskThread "GC Thread#5" [stack: 0x000000017316c000,0x000000017336f000] [id=57859]
  0x000000014d605c40 ConcurrentGCThread "G1 Main Marker" [stack: 0x000000016fc10000,0x000000016fe13000] [id=19971]
  0x000000014e808060 ConcurrentGCThread "G1 Conc#0" [stack: 0x000000016fe1c000,0x000000017001f000] [id=19715]
  0x000000013d6041f0 ConcurrentGCThread "G1 Refine#0" [stack: 0x0000000170028000,0x000000017022b000] [id=19459]
  0x000000013d705680 ConcurrentGCThread "G1 Service" [stack: 0x0000000170234000,0x0000000170437000] [id=14339]

Threads with active compile tasks:
C2 CompilerThread0     2520 1500 %     4       com.sun.marlin.MaskMarlinAlphaConsumer::setAndClearRelativeAlphas @ 465 (641 bytes)

VM state: not at safepoint (normal execution)

VM Mutex/Monitor currently owned by a thread: None

Heap address: 0x0000000780000000, size: 2048 MB, Compressed Oops mode: Zero based, Oop shift amount: 3

CDS archive(s) mapped at: [0x0000000800000000-0x0000000800bd8000-0x0000000800bd8000), size 12419072, SharedBaseAddress: 0x0000000800000000, ArchiveRelocationMode: 0.
Compressed class space mapped at: 0x0000000800c00000-0x0000000840c00000, reserved size: 1073741824
Narrow klass base: 0x0000000800000000, Narrow klass shift: 0, Narrow klass range: 0x100000000

GC Precious Log:
 CPUs: 8 total, 8 available
 Memory: 8192M
 Large Page Support: Disabled
 NUMA Support: Disabled
 Compressed Oops: Enabled (Zero based)
 Heap Region Size: 1M
 Heap Min Capacity: 8M
 Heap Initial Capacity: 128M
 Heap Max Capacity: 2G
 Pre-touch: Disabled
 Parallel Workers: 8
 Concurrent Workers: 2
 Concurrent Refinement Workers: 8
 Periodic GC: Disabled

Heap:
 garbage-first heap   total 133120K, used 25568K [0x0000000780000000, 0x0000000800000000)
  region size 1024K, 23 young (23552K), 3 survivors (3072K)
 Metaspace       used 12446K, committed 12672K, reserved 1064960K
  class space    used 1700K, committed 1792K, reserved 1048576K

Heap Regions: E=young(eden), S=young(survivor), O=old, HS=humongous(starts), HC=humongous(continues), CS=collection set, F=free, OA=open archive, CA=closed archive, TAMS=top-at-mark-start (previous, next)
|   0|0x0000000780000000, 0x0000000780100000, 0x0000000780100000|100%|HS|  |TAMS 0x0000000780000000, 0x0000000780000000| Complete 
|   1|0x0000000780100000, 0x0000000780200000, 0x0000000780200000|100%|HC|  |TAMS 0x0000000780100000, 0x0000000780100000| Complete 
|   2|0x0000000780200000, 0x0000000780200000, 0x0000000780300000|  0%| F|  |TAMS 0x0000000780200000, 0x0000000780200000| Untracked 
|   3|0x0000000780300000, 0x0000000780300000, 0x0000000780400000|  0%| F|  |TAMS 0x0000000780300000, 0x0000000780300000| Untracked 
|   4|0x0000000780400000, 0x0000000780400000, 0x0000000780500000|  0%| F|  |TAMS 0x0000000780400000, 0x0000000780400000| Untracked 
|   5|0x0000000780500000, 0x0000000780500000, 0x0000000780600000|  0%| F|  |TAMS 0x0000000780500000, 0x0000000780500000| Untracked 
|   6|0x0000000780600000, 0x0000000780600000, 0x0000000780700000|  0%| F|  |TAMS 0x0000000780600000, 0x0000000780600000| Untracked 
|   7|0x0000000780700000, 0x0000000780700000, 0x0000000780800000|  0%| F|  |TAMS 0x0000000780700000, 0x0000000780700000| Untracked 
|   8|0x0000000780800000, 0x0000000780800000, 0x0000000780900000|  0%| F|  |TAMS 0x0000000780800000, 0x0000000780800000| Untracked 
|   9|0x0000000780900000, 0x0000000780900000, 0x0000000780a00000|  0%| F|  |TAMS 0x0000000780900000, 0x0000000780900000| Untracked 
|  10|0x0000000780a00000, 0x0000000780a00000, 0x0000000780b00000|  0%| F|  |TAMS 0x0000000780a00000, 0x0000000780a00000| Untracked 
|  11|0x0000000780b00000, 0x0000000780b00000, 0x0000000780c00000|  0%| F|  |TAMS 0x0000000780b00000, 0x0000000780b00000| Untracked 
|  12|0x0000000780c00000, 0x0000000780c00000, 0x0000000780d00000|  0%| F|  |TAMS 0x0000000780c00000, 0x0000000780c00000| Untracked 
|  13|0x0000000780d00000, 0x0000000780d00000, 0x0000000780e00000|  0%| F|  |TAMS 0x0000000780d00000, 0x0000000780d00000| Untracked 
|  14|0x0000000780e00000, 0x0000000780e00000, 0x0000000780f00000|  0%| F|  |TAMS 0x0000000780e00000, 0x0000000780e00000| Untracked 
|  15|0x0000000780f00000, 0x0000000780f00000, 0x0000000781000000|  0%| F|  |TAMS 0x0000000780f00000, 0x0000000780f00000| Untracked 
|  16|0x0000000781000000, 0x0000000781000000, 0x0000000781100000|  0%| F|  |TAMS 0x0000000781000000, 0x0000000781000000| Untracked 
|  17|0x0000000781100000, 0x0000000781100000, 0x0000000781200000|  0%| F|  |TAMS 0x0000000781100000, 0x0000000781100000| Untracked 
|  18|0x0000000781200000, 0x0000000781200000, 0x0000000781300000|  0%| F|  |TAMS 0x0000000781200000, 0x0000000781200000| Untracked 
|  19|0x0000000781300000, 0x0000000781300000, 0x0000000781400000|  0%| F|  |TAMS 0x0000000781300000, 0x0000000781300000| Untracked 
|  20|0x0000000781400000, 0x0000000781400000, 0x0000000781500000|  0%| F|  |TAMS 0x0000000781400000, 0x0000000781400000| Untracked 
|  21|0x0000000781500000, 0x0000000781500000, 0x0000000781600000|  0%| F|  |TAMS 0x0000000781500000, 0x0000000781500000| Untracked 
|  22|0x0000000781600000, 0x0000000781600000, 0x0000000781700000|  0%| F|  |TAMS 0x0000000781600000, 0x0000000781600000| Untracked 
|  23|0x0000000781700000, 0x0000000781700000, 0x0000000781800000|  0%| F|  |TAMS 0x0000000781700000, 0x0000000781700000| Untracked 
|  24|0x0000000781800000, 0x0000000781800000, 0x0000000781900000|  0%| F|  |TAMS 0x0000000781800000, 0x0000000781800000| Untracked 
|  25|0x0000000781900000, 0x0000000781900000, 0x0000000781a00000|  0%| F|  |TAMS 0x0000000781900000, 0x0000000781900000| Untracked 
|  26|0x0000000781a00000, 0x0000000781a00000, 0x0000000781b00000|  0%| F|  |TAMS 0x0000000781a00000, 0x0000000781a00000| Untracked 
|  27|0x0000000781b00000, 0x0000000781b00000, 0x0000000781c00000|  0%| F|  |TAMS 0x0000000781b00000, 0x0000000781b00000| Untracked 
|  28|0x0000000781c00000, 0x0000000781c00000, 0x0000000781d00000|  0%| F|  |TAMS 0x0000000781c00000, 0x0000000781c00000| Untracked 
|  29|0x0000000781d00000, 0x0000000781d00000, 0x0000000781e00000|  0%| F|  |TAMS 0x0000000781d00000, 0x0000000781d00000| Untracked 
|  30|0x0000000781e00000, 0x0000000781e00000, 0x0000000781f00000|  0%| F|  |TAMS 0x0000000781e00000, 0x0000000781e00000| Untracked 
|  31|0x0000000781f00000, 0x0000000781f00000, 0x0000000782000000|  0%| F|  |TAMS 0x0000000781f00000, 0x0000000781f00000| Untracked 
|  32|0x0000000782000000, 0x0000000782000000, 0x0000000782100000|  0%| F|  |TAMS 0x0000000782000000, 0x0000000782000000| Untracked 
|  33|0x0000000782100000, 0x0000000782100000, 0x0000000782200000|  0%| F|  |TAMS 0x0000000782100000, 0x0000000782100000| Untracked 
|  34|0x0000000782200000, 0x0000000782200000, 0x0000000782300000|  0%| F|  |TAMS 0x0000000782200000, 0x0000000782200000| Untracked 
|  35|0x0000000782300000, 0x0000000782300000, 0x0000000782400000|  0%| F|  |TAMS 0x0000000782300000, 0x0000000782300000| Untracked 
|  36|0x0000000782400000, 0x0000000782400000, 0x0000000782500000|  0%| F|  |TAMS 0x0000000782400000, 0x0000000782400000| Untracked 
|  37|0x0000000782500000, 0x0000000782500000, 0x0000000782600000|  0%| F|  |TAMS 0x0000000782500000, 0x0000000782500000| Untracked 
|  38|0x0000000782600000, 0x0000000782600000, 0x0000000782700000|  0%| F|  |TAMS 0x0000000782600000, 0x0000000782600000| Untracked 
|  39|0x0000000782700000, 0x0000000782700000, 0x0000000782800000|  0%| F|  |TAMS 0x0000000782700000, 0x0000000782700000| Untracked 
|  40|0x0000000782800000, 0x0000000782800000, 0x0000000782900000|  0%| F|  |TAMS 0x0000000782800000, 0x0000000782800000| Untracked 
|  41|0x0000000782900000, 0x0000000782900000, 0x0000000782a00000|  0%| F|  |TAMS 0x0000000782900000, 0x0000000782900000| Untracked 
|  42|0x0000000782a00000, 0x0000000782a00000, 0x0000000782b00000|  0%| F|  |TAMS 0x0000000782a00000, 0x0000000782a00000| Untracked 
|  43|0x0000000782b00000, 0x0000000782b00000, 0x0000000782c00000|  0%| F|  |TAMS 0x0000000782b00000, 0x0000000782b00000| Untracked 
|  44|0x0000000782c00000, 0x0000000782c00000, 0x0000000782d00000|  0%| F|  |TAMS 0x0000000782c00000, 0x0000000782c00000| Untracked 
|  45|0x0000000782d00000, 0x0000000782d00000, 0x0000000782e00000|  0%| F|  |TAMS 0x0000000782d00000, 0x0000000782d00000| Untracked 
|  46|0x0000000782e00000, 0x0000000782e00000, 0x0000000782f00000|  0%| F|  |TAMS 0x0000000782e00000, 0x0000000782e00000| Untracked 
|  47|0x0000000782f00000, 0x0000000782f00000, 0x0000000783000000|  0%| F|  |TAMS 0x0000000782f00000, 0x0000000782f00000| Untracked 
|  48|0x0000000783000000, 0x0000000783000000, 0x0000000783100000|  0%| F|  |TAMS 0x0000000783000000, 0x0000000783000000| Untracked 
|  49|0x0000000783100000, 0x0000000783100000, 0x0000000783200000|  0%| F|  |TAMS 0x0000000783100000, 0x0000000783100000| Untracked 
|  50|0x0000000783200000, 0x0000000783200000, 0x0000000783300000|  0%| F|  |TAMS 0x0000000783200000, 0x0000000783200000| Untracked 
|  51|0x0000000783300000, 0x0000000783300000, 0x0000000783400000|  0%| F|  |TAMS 0x0000000783300000, 0x0000000783300000| Untracked 
|  52|0x0000000783400000, 0x0000000783400000, 0x0000000783500000|  0%| F|  |TAMS 0x0000000783400000, 0x0000000783400000| Untracked 
|  53|0x0000000783500000, 0x0000000783500000, 0x0000000783600000|  0%| F|  |TAMS 0x0000000783500000, 0x0000000783500000| Untracked 
|  54|0x0000000783600000, 0x0000000783600000, 0x0000000783700000|  0%| F|  |TAMS 0x0000000783600000, 0x0000000783600000| Untracked 
|  55|0x0000000783700000, 0x0000000783700000, 0x0000000783800000|  0%| F|  |TAMS 0x0000000783700000, 0x0000000783700000| Untracked 
|  56|0x0000000783800000, 0x0000000783800000, 0x0000000783900000|  0%| F|  |TAMS 0x0000000783800000, 0x0000000783800000| Untracked 
|  57|0x0000000783900000, 0x0000000783900000, 0x0000000783a00000|  0%| F|  |TAMS 0x0000000783900000, 0x0000000783900000| Untracked 
|  58|0x0000000783a00000, 0x0000000783a00000, 0x0000000783b00000|  0%| F|  |TAMS 0x0000000783a00000, 0x0000000783a00000| Untracked 
|  59|0x0000000783b00000, 0x0000000783b00000, 0x0000000783c00000|  0%| F|  |TAMS 0x0000000783b00000, 0x0000000783b00000| Untracked 
|  60|0x0000000783c00000, 0x0000000783c00000, 0x0000000783d00000|  0%| F|  |TAMS 0x0000000783c00000, 0x0000000783c00000| Untracked 
|  61|0x0000000783d00000, 0x0000000783d00000, 0x0000000783e00000|  0%| F|  |TAMS 0x0000000783d00000, 0x0000000783d00000| Untracked 
|  62|0x0000000783e00000, 0x0000000783e00000, 0x0000000783f00000|  0%| F|  |TAMS 0x0000000783e00000, 0x0000000783e00000| Untracked 
|  63|0x0000000783f00000, 0x0000000783f00000, 0x0000000784000000|  0%| F|  |TAMS 0x0000000783f00000, 0x0000000783f00000| Untracked 
|  64|0x0000000784000000, 0x0000000784000000, 0x0000000784100000|  0%| F|  |TAMS 0x0000000784000000, 0x0000000784000000| Untracked 
|  65|0x0000000784100000, 0x0000000784100000, 0x0000000784200000|  0%| F|  |TAMS 0x0000000784100000, 0x0000000784100000| Untracked 
|  66|0x0000000784200000, 0x0000000784200000, 0x0000000784300000|  0%| F|  |TAMS 0x0000000784200000, 0x0000000784200000| Untracked 
|  67|0x0000000784300000, 0x0000000784300000, 0x0000000784400000|  0%| F|  |TAMS 0x0000000784300000, 0x0000000784300000| Untracked 
|  68|0x0000000784400000, 0x0000000784400000, 0x0000000784500000|  0%| F|  |TAMS 0x0000000784400000, 0x0000000784400000| Untracked 
|  69|0x0000000784500000, 0x0000000784500000, 0x0000000784600000|  0%| F|  |TAMS 0x0000000784500000, 0x0000000784500000| Untracked 
|  70|0x0000000784600000, 0x0000000784600000, 0x0000000784700000|  0%| F|  |TAMS 0x0000000784600000, 0x0000000784600000| Untracked 
|  71|0x0000000784700000, 0x0000000784700000, 0x0000000784800000|  0%| F|  |TAMS 0x0000000784700000, 0x0000000784700000| Untracked 
|  72|0x0000000784800000, 0x0000000784800000, 0x0000000784900000|  0%| F|  |TAMS 0x0000000784800000, 0x0000000784800000| Untracked 
|  73|0x0000000784900000, 0x0000000784900000, 0x0000000784a00000|  0%| F|  |TAMS 0x0000000784900000, 0x0000000784900000| Untracked 
|  74|0x0000000784a00000, 0x0000000784a00000, 0x0000000784b00000|  0%| F|  |TAMS 0x0000000784a00000, 0x0000000784a00000| Untracked 
|  75|0x0000000784b00000, 0x0000000784b00000, 0x0000000784c00000|  0%| F|  |TAMS 0x0000000784b00000, 0x0000000784b00000| Untracked 
|  76|0x0000000784c00000, 0x0000000784c00000, 0x0000000784d00000|  0%| F|  |TAMS 0x0000000784c00000, 0x0000000784c00000| Untracked 
|  77|0x0000000784d00000, 0x0000000784d00000, 0x0000000784e00000|  0%| F|  |TAMS 0x0000000784d00000, 0x0000000784d00000| Untracked 
|  78|0x0000000784e00000, 0x0000000784e00000, 0x0000000784f00000|  0%| F|  |TAMS 0x0000000784e00000, 0x0000000784e00000| Untracked 
|  79|0x0000000784f00000, 0x0000000784f00000, 0x0000000785000000|  0%| F|  |TAMS 0x0000000784f00000, 0x0000000784f00000| Untracked 
|  80|0x0000000785000000, 0x0000000785000000, 0x0000000785100000|  0%| F|  |TAMS 0x0000000785000000, 0x0000000785000000| Untracked 
|  81|0x0000000785100000, 0x0000000785100000, 0x0000000785200000|  0%| F|  |TAMS 0x0000000785100000, 0x0000000785100000| Untracked 
|  82|0x0000000785200000, 0x0000000785200000, 0x0000000785300000|  0%| F|  |TAMS 0x0000000785200000, 0x0000000785200000| Untracked 
|  83|0x0000000785300000, 0x0000000785300000, 0x0000000785400000|  0%| F|  |TAMS 0x0000000785300000, 0x0000000785300000| Untracked 
|  84|0x0000000785400000, 0x0000000785400000, 0x0000000785500000|  0%| F|  |TAMS 0x0000000785400000, 0x0000000785400000| Untracked 
|  85|0x0000000785500000, 0x0000000785500000, 0x0000000785600000|  0%| F|  |TAMS 0x0000000785500000, 0x0000000785500000| Untracked 
|  86|0x0000000785600000, 0x0000000785600000, 0x0000000785700000|  0%| F|  |TAMS 0x0000000785600000, 0x0000000785600000| Untracked 
|  87|0x0000000785700000, 0x0000000785700000, 0x0000000785800000|  0%| F|  |TAMS 0x0000000785700000, 0x0000000785700000| Untracked 
|  88|0x0000000785800000, 0x0000000785800000, 0x0000000785900000|  0%| F|  |TAMS 0x0000000785800000, 0x0000000785800000| Untracked 
|  89|0x0000000785900000, 0x0000000785900000, 0x0000000785a00000|  0%| F|  |TAMS 0x0000000785900000, 0x0000000785900000| Untracked 
|  90|0x0000000785a00000, 0x0000000785a00000, 0x0000000785b00000|  0%| F|  |TAMS 0x0000000785a00000, 0x0000000785a00000| Untracked 
|  91|0x0000000785b00000, 0x0000000785b00000, 0x0000000785c00000|  0%| F|  |TAMS 0x0000000785b00000, 0x0000000785b00000| Untracked 
|  92|0x0000000785c00000, 0x0000000785c00000, 0x0000000785d00000|  0%| F|  |TAMS 0x0000000785c00000, 0x0000000785c00000| Untracked 
|  93|0x0000000785d00000, 0x0000000785d00000, 0x0000000785e00000|  0%| F|  |TAMS 0x0000000785d00000, 0x0000000785d00000| Untracked 
|  94|0x0000000785e00000, 0x0000000785e00000, 0x0000000785f00000|  0%| F|  |TAMS 0x0000000785e00000, 0x0000000785e00000| Untracked 
|  95|0x0000000785f00000, 0x0000000785f00000, 0x0000000786000000|  0%| F|  |TAMS 0x0000000785f00000, 0x0000000785f00000| Untracked 
|  96|0x0000000786000000, 0x0000000786000000, 0x0000000786100000|  0%| F|  |TAMS 0x0000000786000000, 0x0000000786000000| Untracked 
|  97|0x0000000786100000, 0x0000000786100000, 0x0000000786200000|  0%| F|  |TAMS 0x0000000786100000, 0x0000000786100000| Untracked 
|  98|0x0000000786200000, 0x0000000786200000, 0x0000000786300000|  0%| F|  |TAMS 0x0000000786200000, 0x0000000786200000| Untracked 
|  99|0x0000000786300000, 0x0000000786300000, 0x0000000786400000|  0%| F|  |TAMS 0x0000000786300000, 0x0000000786300000| Untracked 
| 100|0x0000000786400000, 0x0000000786400000, 0x0000000786500000|  0%| F|  |TAMS 0x0000000786400000, 0x0000000786400000| Untracked 
| 101|0x0000000786500000, 0x0000000786500000, 0x0000000786600000|  0%| F|  |TAMS 0x0000000786500000, 0x0000000786500000| Untracked 
| 102|0x0000000786600000, 0x0000000786700000, 0x0000000786700000|100%| S|CS|TAMS 0x0000000786600000, 0x0000000786600000| Complete 
| 103|0x0000000786700000, 0x0000000786800000, 0x0000000786800000|100%| S|CS|TAMS 0x0000000786700000, 0x0000000786700000| Complete 
| 104|0x0000000786800000, 0x0000000786900000, 0x0000000786900000|100%| S|CS|TAMS 0x0000000786800000, 0x0000000786800000| Complete 
| 105|0x0000000786900000, 0x0000000786900000, 0x0000000786a00000|  0%| F|  |TAMS 0x0000000786900000, 0x0000000786900000| Untracked 
| 106|0x0000000786a00000, 0x0000000786a00000, 0x0000000786b00000|  0%| F|  |TAMS 0x0000000786a00000, 0x0000000786a00000| Untracked 
| 107|0x0000000786b00000, 0x0000000786b00000, 0x0000000786c00000|  0%| F|  |TAMS 0x0000000786b00000, 0x0000000786b00000| Untracked 
| 108|0x0000000786c00000, 0x0000000786d00000, 0x0000000786d00000|100%| E|  |TAMS 0x0000000786c00000, 0x0000000786c00000| Complete 
| 109|0x0000000786d00000, 0x0000000786e00000, 0x0000000786e00000|100%| E|CS|TAMS 0x0000000786d00000, 0x0000000786d00000| Complete 
| 110|0x0000000786e00000, 0x0000000786f00000, 0x0000000786f00000|100%| E|CS|TAMS 0x0000000786e00000, 0x0000000786e00000| Complete 
| 111|0x0000000786f00000, 0x0000000787000000, 0x0000000787000000|100%| E|CS|TAMS 0x0000000786f00000, 0x0000000786f00000| Complete 
| 112|0x0000000787000000, 0x0000000787100000, 0x0000000787100000|100%| E|CS|TAMS 0x0000000787000000, 0x0000000787000000| Complete 
| 113|0x0000000787100000, 0x0000000787200000, 0x0000000787200000|100%| E|CS|TAMS 0x0000000787100000, 0x0000000787100000| Complete 
| 114|0x0000000787200000, 0x0000000787300000, 0x0000000787300000|100%| E|CS|TAMS 0x0000000787200000, 0x0000000787200000| Complete 
| 115|0x0000000787300000, 0x0000000787400000, 0x0000000787400000|100%| E|CS|TAMS 0x0000000787300000, 0x0000000787300000| Complete 
| 116|0x0000000787400000, 0x0000000787500000, 0x0000000787500000|100%| E|CS|TAMS 0x0000000787400000, 0x0000000787400000| Complete 
| 117|0x0000000787500000, 0x0000000787600000, 0x0000000787600000|100%| E|CS|TAMS 0x0000000787500000, 0x0000000787500000| Complete 
| 118|0x0000000787600000, 0x0000000787700000, 0x0000000787700000|100%| E|CS|TAMS 0x0000000787600000, 0x0000000787600000| Complete 
| 119|0x0000000787700000, 0x0000000787800000, 0x0000000787800000|100%| E|CS|TAMS 0x0000000787700000, 0x0000000787700000| Complete 
| 120|0x0000000787800000, 0x0000000787900000, 0x0000000787900000|100%| E|CS|TAMS 0x0000000787800000, 0x0000000787800000| Complete 
| 121|0x0000000787900000, 0x0000000787a00000, 0x0000000787a00000|100%| E|CS|TAMS 0x0000000787900000, 0x0000000787900000| Complete 
| 122|0x0000000787a00000, 0x0000000787b00000, 0x0000000787b00000|100%| E|CS|TAMS 0x0000000787a00000, 0x0000000787a00000| Complete 
| 123|0x0000000787b00000, 0x0000000787c00000, 0x0000000787c00000|100%| E|CS|TAMS 0x0000000787b00000, 0x0000000787b00000| Complete 
| 124|0x0000000787c00000, 0x0000000787d00000, 0x0000000787d00000|100%| E|CS|TAMS 0x0000000787c00000, 0x0000000787c00000| Complete 
| 125|0x0000000787d00000, 0x0000000787e00000, 0x0000000787e00000|100%| E|CS|TAMS 0x0000000787d00000, 0x0000000787d00000| Complete 
| 126|0x0000000787e00000, 0x0000000787f00000, 0x0000000787f00000|100%| E|CS|TAMS 0x0000000787e00000, 0x0000000787e00000| Complete 
| 127|0x0000000787f00000, 0x0000000788000000, 0x0000000788000000|100%| E|CS|TAMS 0x0000000787f00000, 0x0000000787f00000| Complete 
|2046|0x00000007ffe00000, 0x00000007ffe78000, 0x00000007fff00000| 46%|OA|  |TAMS 0x00000007ffe00000, 0x00000007ffe00000| Untracked 
|2047|0x00000007fff00000, 0x00000007fff80000, 0x0000000800000000| 50%|CA|  |TAMS 0x00000007fff00000, 0x00000007fff00000| Untracked 

Card table byte_map: [0x0000000100fb0000,0x00000001013b0000] _byte_map_base: 0x00000000fd3b0000

Marking Bits (Prev, Next): (CMBitMap*) 0x000000014d80ee10, (CMBitMap*) 0x000000014d80ee50
 Prev Bits: [0x0000000118ef0000, 0x000000011aef0000)
 Next Bits: [0x000000011aef0000, 0x000000011cef0000)

Polling page: 0x0000000100718000

Metaspace:

Usage:
  Non-class:     10.50 MB used.
      Class:      1.66 MB used.
       Both:     12.16 MB used.

Virtual space:
  Non-class space:       16.00 MB reserved,      10.62 MB ( 66%) committed,  2 nodes.
      Class space:        1.00 GB reserved,       1.75 MB ( <1%) committed,  1 nodes.
             Both:        1.02 GB reserved,      12.38 MB (  1%) committed. 

Chunk freelists:
   Non-Class:  1.23 MB
       Class:  2.19 MB
        Both:  3.42 MB

MaxMetaspaceSize: unlimited
CompressedClassSpaceSize: 1.00 GB
Initial GC threshold: 21.00 MB
Current GC threshold: 21.00 MB
CDS: on
MetaspaceReclaimPolicy: balanced
 - commit_granule_bytes: 65536.
 - commit_granule_words: 8192.
 - virtual_space_node_default_size: 1048576.
 - enlarge_chunks_in_place: 1.
 - new_chunks_are_fully_committed: 0.
 - uncommit_free_chunks: 1.
 - use_allocation_guard: 0.
 - handle_deallocations: 1.


Internal statistics:

num_allocs_failed_limit: 0.
num_arena_births: 174.
num_arena_deaths: 0.
num_vsnodes_births: 3.
num_vsnodes_deaths: 0.
num_space_committed: 198.
num_space_uncommitted: 0.
num_chunks_returned_to_freelist: 0.
num_chunks_taken_from_freelist: 548.
num_chunk_merges: 0.
num_chunk_splits: 378.
num_chunks_enlarged: 292.
num_purges: 0.
num_inconsistent_stats: 0.

CodeHeap 'non-profiled nmethods': size=120032Kb used=485Kb max_used=485Kb free=119546Kb
 bounds [0x00000001119b8000, 0x0000000111c28000, 0x0000000118ef0000]
CodeHeap 'profiled nmethods': size=120016Kb used=2767Kb max_used=2767Kb free=117248Kb
 bounds [0x000000010a484000, 0x000000010a744000, 0x00000001119b8000]
CodeHeap 'non-nmethods': size=5712Kb used=1359Kb max_used=1395Kb free=4352Kb
 bounds [0x0000000109ef0000, 0x000000010a160000, 0x000000010a484000]
 total_blobs=2193 nmethods=1452 adapters=658
 compilation: enabled
              stopped_count=0, restarted_count=0
 full_count=0

Compilation events (20 events):
Event: 2.490 Thread 0x000000012f008e00 1473       1       com.sun.javafx.geom.RectBounds::getMaxZ (2 bytes)
Event: 2.490 Thread 0x000000012f008e00 nmethod 1473 0x0000000111a2e590 code [0x0000000111a2e700, 0x0000000111a2e7e8]
Event: 2.497 Thread 0x000000012f008e00 1474       3       com.sun.javafx.scene.NodeHelper::getSubScene (10 bytes)
Event: 2.498 Thread 0x000000012f008e00 nmethod 1474 0x000000010a723710 code [0x000000010a7238c0, 0x000000010a723aa8]
Event: 2.498 Thread 0x000000012f008e00 1475       3       javafx.scene.Node$1::getSubScene (5 bytes)
Event: 2.498 Thread 0x000000012f008e00 nmethod 1475 0x000000010a723c10 code [0x000000010a723dc0, 0x000000010a723f28]
Event: 2.498 Thread 0x000000012f008e00 1476       3       com.sun.javafx.css.PseudoClassState::addAll (6 bytes)
Event: 2.498 Thread 0x000000012f008e00 nmethod 1476 0x000000010a724010 code [0x000000010a7241c0, 0x000000010a724358]
Event: 2.499 Thread 0x000000012f008e00 1477       3       com.sun.javafx.css.ParsedValueImpl::hashCode (236 bytes)
Event: 2.499 Thread 0x000000012f008800 1481       4       java.util.HashMap::get (19 bytes)
Event: 2.500 Thread 0x000000012f008e00 nmethod 1477 0x000000010a724410 code [0x000000010a7246c0, 0x000000010a7254b8]
Event: 2.500 Thread 0x000000012f008e00 1478       3       java.util.ArrayList$SubList::get (27 bytes)
Event: 2.500 Thread 0x000000012f008e00 nmethod 1478 0x000000010a725810 code [0x000000010a725a40, 0x000000010a725fc8]
Event: 2.500 Thread 0x000000012f008e00 1479       3       javafx.css.SimpleSelector::stateMatches (19 bytes)
Event: 2.500 Thread 0x000000012f008e00 nmethod 1479 0x000000010a726290 code [0x000000010a726440, 0x000000010a7266d8]
Event: 2.500 Thread 0x000000012f008e00 1480       3       javafx.scene.CssStyleHelper::resolveRef (134 bytes)
Event: 2.501 Thread 0x000000012f008e00 nmethod 1480 0x000000010a726790 code [0x000000010a726a80, 0x000000010a727988]
Event: 2.501 Thread 0x000000012f008e00 1485       3       com.sun.javafx.css.ParsedValueImpl::convert (24 bytes)
Event: 2.501 Thread 0x000000012f008e00 nmethod 1485 0x000000010a727d90 code [0x000000010a727f40, 0x000000010a728218]
Event: 2.501 Thread 0x000000012f008e00 1490   !   3       javafx.scene.CssStyleHelper::lookup (514 bytes)

GC Heap History (2 events):
Event: 0.524 GC heap before
{Heap before GC invocations=0 (full 0):
 garbage-first heap   total 133120K, used 23520K [0x0000000780000000, 0x0000000800000000)
  region size 1024K, 23 young (23552K), 0 survivors (0K)
 Metaspace       used 7656K, committed 7872K, reserved 1056768K
  class space    used 1004K, committed 1088K, reserved 1048576K
}
Event: 0.526 GC heap after
{Heap after GC invocations=1 (full 0):
 garbage-first heap   total 133120K, used 4064K [0x0000000780000000, 0x0000000800000000)
  region size 1024K, 3 young (3072K), 3 survivors (3072K)
 Metaspace       used 7656K, committed 7872K, reserved 1056768K
  class space    used 1004K, committed 1088K, reserved 1048576K
}

Deoptimization events (20 events):
Event: 0.792 Thread 0x000000014e0e3200 Uncommon trap: trap_request=0xffffff45 fr.pc=0x0000000111a07fdc relative=0x000000000000019c
Event: 0.792 Thread 0x000000014e0e3200 Uncommon trap: reason=unstable_if action=reinterpret pc=0x0000000111a07fdc method=java.io.ByteArrayInputStream.read()I @ 8 c2
Event: 0.792 Thread 0x000000014e0e3200 DEOPT PACKING pc=0x0000000111a07fdc sp=0x000000016f7653c0
Event: 0.792 Thread 0x000000014e0e3200 DEOPT UNPACKING pc=0x0000000109f2ed1c sp=0x000000016f765340 mode 2
Event: 0.795 Thread 0x000000014e0e3200 Uncommon trap: trap_request=0xffffffc6 fr.pc=0x00000001119fbd0c relative=0x000000000000050c
Event: 0.795 Thread 0x000000014e0e3200 Uncommon trap: reason=bimorphic_or_optimized_type_check action=maybe_recompile pc=0x00000001119fbd0c method=java.util.concurrent.ConcurrentHashMap.get(Ljava/lang/Object;)Ljava/lang/Object; @ 149 c2
Event: 0.795 Thread 0x000000014e0e3200 DEOPT PACKING pc=0x00000001119fbd0c sp=0x000000016f765ca0
Event: 0.795 Thread 0x000000014e0e3200 DEOPT UNPACKING pc=0x0000000109f2ed1c sp=0x000000016f765c30 mode 2
Event: 0.795 Thread 0x000000014e0e3200 Uncommon trap: trap_request=0xffffffc6 fr.pc=0x00000001119fbd0c relative=0x000000000000050c
Event: 0.795 Thread 0x000000014e0e3200 Uncommon trap: reason=bimorphic_or_optimized_type_check action=maybe_recompile pc=0x00000001119fbd0c method=java.util.concurrent.ConcurrentHashMap.get(Ljava/lang/Object;)Ljava/lang/Object; @ 149 c2
Event: 0.795 Thread 0x000000014e0e3200 DEOPT PACKING pc=0x00000001119fbd0c sp=0x000000016f765b40
Event: 0.795 Thread 0x000000014e0e3200 DEOPT UNPACKING pc=0x0000000109f2ed1c sp=0x000000016f765ad0 mode 2
Event: 0.932 Thread 0x000000013d849e00 Uncommon trap: trap_request=0xffffffc6 fr.pc=0x00000001119fbd0c relative=0x000000000000050c
Event: 0.932 Thread 0x000000013d849e00 Uncommon trap: reason=bimorphic_or_optimized_type_check action=maybe_recompile pc=0x00000001119fbd0c method=java.util.concurrent.ConcurrentHashMap.get(Ljava/lang/Object;)Ljava/lang/Object; @ 149 c2
Event: 0.932 Thread 0x000000013d849e00 DEOPT PACKING pc=0x00000001119fbd0c sp=0x00000001721f5350
Event: 0.932 Thread 0x000000013d849e00 DEOPT UNPACKING pc=0x0000000109f2ed1c sp=0x00000001721f52e0 mode 2
Event: 1.172 Thread 0x000000013da9a200 Uncommon trap: trap_request=0xffffff45 fr.pc=0x00000001119c4c38 relative=0x00000000000000f8
Event: 1.172 Thread 0x000000013da9a200 Uncommon trap: reason=unstable_if action=reinterpret pc=0x00000001119c4c38 method=java.lang.StringLatin1.lastIndexOf([BI[BII)I @ 86 c2
Event: 1.172 Thread 0x000000013da9a200 DEOPT PACKING pc=0x00000001119c4c38 sp=0x00000001739918d0
Event: 1.172 Thread 0x000000013da9a200 DEOPT UNPACKING pc=0x0000000109f2ed1c sp=0x0000000173991830 mode 2

Classes unloaded (0 events):
No events

Classes redefined (0 events):
No events

Internal exceptions (20 events):
Event: 0.133 Thread 0x000000014e01ba00 Exception <a 'java/lang/NoSuchMethodError'{0x000000078786c3b0}: 'void java.lang.invoke.DirectMethodHandle$Holder.invokeStatic(java.lang.Object, java.lang.Object, java.lang.Object)'> (0x000000078786c3b0) 
thrown [open/src/hotspot/share/interpreter/linkResolver.cpp, line 766]
Event: 0.233 Thread 0x000000014e01ba00 Exception <a 'java/lang/NoSuchMethodError'{0x0000000787603718}: 'int java.lang.invoke.DirectMethodHandle$Holder.invokeStaticInit(java.lang.Object, java.lang.Object, java.lang.Object)'> (0x0000000787603718) 
thrown [open/src/hotspot/share/interpreter/linkResolver.cpp, line 766]
Event: 0.422 Thread 0x000000014e0e3200 Exception <a 'java/lang/NoSuchMethodError'{0x00000007873a79b8}: 'void java.lang.invoke.DirectMethodHandle$Holder.invokeStaticInit(java.lang.Object)'> (0x00000007873a79b8) 
thrown [open/src/hotspot/share/interpreter/linkResolver.cpp, line 766]
Event: 0.424 Thread 0x000000014e01ba00 Exception <a 'java/lang/NoSuchMethodError'{0x00000007876c0180}: 'java.lang.Object java.lang.invoke.DirectMethodHandle$Holder.newInvokeSpecial(java.lang.Object, java.lang.Object, java.lang.Object, java.lang.Object, java.lang.Object, java.lang.Object)'> (0x00000007876c0180) 
thrown [open/src/hotspot/share/interpreter/linkResolver.cpp, line 766]
Event: 0.440 Thread 0x000000014e01ba00 Exception <a 'java/lang/NoSuchMethodError'{0x000000078727a5b8}: 'java.lang.Object java.lang.invoke.DirectMethodHandle$Holder.newInvokeSpecial(java.lang.Object, java.lang.Object, java.lang.Object, java.lang.Object, java.lang.Object)'> (0x000000078727a5b8) 
thrown [open/src/hotspot/share/interpreter/linkResolver.cpp, line 766]
Event: 0.441 Thread 0x000000013da77200 Exception <a 'java/lang/NoSuchMethodError'{0x00000007872eff38}: 'void java.lang.invoke.DirectMethodHandle$Holder.invokeStatic(java.lang.Object, java.lang.Object, java.lang.Object, java.lang.Object)'> (0x00000007872eff38) 
thrown [open/src/hotspot/share/interpreter/linkResolver.cpp, line 766]
Event: 0.469 Thread 0x000000014e0e3200 Exception <a 'sun/nio/fs/UnixException'{0x0000000786ff5b30}> (0x0000000786ff5b30) 
thrown [open/src/hotspot/share/prims/jni.cpp, line 516]
Event: 0.497 Thread 0x000000014e0e3200 Exception <a 'java/lang/NoSuchMethodError'{0x0000000786c922a8}: 'java.lang.Object java.lang.invoke.DirectMethodHandle$Holder.invokeStaticInit(java.lang.Object, java.lang.Object, java.lang.Object, java.lang.Object)'> (0x0000000786c922a8) 
thrown [open/src/hotspot/share/interpreter/linkResolver.cpp, line 766]
Event: 0.497 Thread 0x000000014e0e3200 Exception <a 'java/lang/NullPointerException'{0x0000000786c9df90}> (0x0000000786c9df90) 
thrown [open/src/hotspot/share/interpreter/linkResolver.cpp, line 1357]
Event: 0.506 Thread 0x000000014e0e3200 Exception <a 'java/lang/NoSuchMethodError'{0x0000000786a2a1b0}: 'java.lang.Object java.lang.invoke.DirectMethodHandle$Holder.invokeSpecial(java.lang.Object, java.lang.Object, java.lang.Object, int, java.lang.Object)'> (0x0000000786a2a1b0) 
thrown [open/src/hotspot/share/interpreter/linkResolver.cpp, line 766]
Event: 0.556 Thread 0x000000014e0e3200 Exception <a 'java/lang/NoSuchMethodError'{0x0000000787b9c190}: 'void java.lang.invoke.DirectMethodHandle$Holder.invokeStaticInit(java.lang.Object, java.lang.Object)'> (0x0000000787b9c190) 
thrown [open/src/hotspot/share/interpreter/linkResolver.cpp, line 766]
Event: 0.558 Thread 0x000000014e0e3200 Exception <a 'java/lang/NoSuchMethodError'{0x0000000787bd14f0}: 'void java.lang.invoke.DirectMethodHandle$Holder.invokeSpecial(java.lang.Object, java.lang.Object, java.lang.Object, java.lang.Object, java.lang.Object)'> (0x0000000787bd14f0) 
thrown [open/src/hotspot/share/interpreter/linkResolver.cpp, line 766]
Event: 0.570 Thread 0x000000014e0e3200 Exception <a 'sun/nio/fs/UnixException'{0x0000000787adf860}> (0x0000000787adf860) 
thrown [open/src/hotspot/share/prims/jni.cpp, line 516]
Event: 0.583 Thread 0x000000014e0e3200 Implicit null exception at 0x0000000111a083d4 to 0x0000000111a086e4
Event: 0.621 Thread 0x000000014e0e3200 Implicit null exception at 0x0000000111a071d4 to 0x0000000111a074d8
Event: 0.621 Thread 0x000000014e0e3200 Implicit null exception at 0x00000001119d2854 to 0x00000001119d28c0
Event: 0.775 Thread 0x000000014e0e3200 Exception <a 'java/lang/NoSuchMethodError'{0x0000000787376628}: 'java.lang.Object java.lang.invoke.DirectMethodHandle$Holder.invokeInterface(java.lang.Object, java.lang.Object, java.lang.Object)'> (0x0000000787376628) 
thrown [open/src/hotspot/share/interpreter/linkResolver.cpp, line 766]
Event: 0.775 Thread 0x000000014e0e3200 Exception <a 'java/lang/IncompatibleClassChangeError'{0x0000000787379fb0}: Found class java.lang.Object, but interface was expected> (0x0000000787379fb0) 
thrown [open/src/hotspot/share/interpreter/linkResolver.cpp, line 833]
Event: 0.802 Thread 0x000000014e0e3200 Exception <a 'java/lang/NoSuchMethodError'{0x0000000787160a78}: 'java.lang.Object java.lang.invoke.DirectMethodHandle$Holder.newInvokeSpecial(java.lang.Object, java.lang.Object, int)'> (0x0000000787160a78) 
thrown [open/src/hotspot/share/interpreter/linkResolver.cpp, line 766]
Event: 0.865 Thread 0x000000013d849e00 Exception <a 'java/lang/NoSuchMethodError'{0x00000007870e7ab0}: 'int java.lang.invoke.DirectMethodHandle$Holder.invokeStaticInit(java.lang.Object, java.lang.Object)'> (0x00000007870e7ab0) 
thrown [open/src/hotspot/share/interpreter/linkResolver.cpp, line 766]

VM Operations (20 events):
Event: 0.072 Executing VM operation: HandshakeAllThreads
Event: 0.072 Executing VM operation: HandshakeAllThreads done
Event: 0.072 Executing VM operation: HandshakeAllThreads
Event: 0.072 Executing VM operation: HandshakeAllThreads done
Event: 0.085 Executing VM operation: HandshakeAllThreads
Event: 0.085 Executing VM operation: HandshakeAllThreads done
Event: 0.230 Executing VM operation: ICBufferFull
Event: 0.230 Executing VM operation: ICBufferFull done
Event: 0.510 Executing VM operation: HandshakeAllThreads
Event: 0.510 Executing VM operation: HandshakeAllThreads done
Event: 0.523 Executing VM operation: G1CollectForAllocation
Event: 0.526 Executing VM operation: G1CollectForAllocation done
Event: 0.534 Executing VM operation: HandshakeAllThreads
Event: 0.534 Executing VM operation: HandshakeAllThreads done
Event: 0.575 Executing VM operation: ICBufferFull
Event: 0.576 Executing VM operation: ICBufferFull done
Event: 0.768 Executing VM operation: HandshakeAllThreads
Event: 0.768 Executing VM operation: HandshakeAllThreads done
Event: 2.065 Executing VM operation: Cleanup
Event: 2.066 Executing VM operation: Cleanup done

Events (20 events):
Event: 1.171 loading class sun/util/resources/OpenListResourceBundle
Event: 1.171 loading class sun/util/resources/OpenListResourceBundle done
Event: 1.171 loading class sun/util/resources/TimeZoneNamesBundle done
Event: 1.171 loading class sun/util/resources/cldr/TimeZoneNames done
Event: 1.172 loading class sun/util/resources/cldr/TimeZoneNames_en
Event: 1.172 loading class sun/util/resources/cldr/TimeZoneNames_en done
Event: 1.172 loading class sun/util/resources/cldr/TimeZoneNames_en_US
Event: 1.172 loading class sun/util/resources/cldr/TimeZoneNames_en_US done
Event: 1.173 loading class sun/util/resources/TimeZoneNames
Event: 1.173 loading class sun/util/resources/TimeZoneNames done
Event: 1.173 loading class sun/util/resources/TimeZoneNames_en
Event: 1.173 loading class sun/util/resources/TimeZoneNames_en done
Event: 1.566 loading class java/util/EnumMap$Values
Event: 1.567 loading class java/util/EnumMap$Values done
Event: 1.567 loading class java/util/EnumMap$ValueIterator
Event: 1.567 loading class java/util/EnumMap$EnumMapIterator
Event: 1.567 loading class java/util/EnumMap$EnumMapIterator done
Event: 1.567 loading class java/util/EnumMap$ValueIterator done
Event: 2.497 Protecting memory [0x0000000172498000,0x00000001724a4000] with protection modes 0
Event: 2.497 Thread 0x000000012f009a00 Thread added: 0x000000012f009a00


Dynamic libraries:
0x00000001006c8000 	/Library/Java/JavaVirtualMachines/jdk-17.0.2.jdk/Contents/Home/lib/libjli.dylib
0x00000001c3e3d000 	/usr/lib/libz.1.dylib
0x00000001c3eed000 	/usr/lib/libSystem.B.dylib
0x00000001c3ee7000 	/usr/lib/system/libcache.dylib
0x00000001c3ea5000 	/usr/lib/system/libcommonCrypto.dylib
0x00000001c3ece000 	/usr/lib/system/libcompiler_rt.dylib
0x00000001c3ec5000 	/usr/lib/system/libcopyfile.dylib
0x00000001b9226000 	/usr/lib/system/libcorecrypto.dylib
0x00000001b92cb000 	/usr/lib/system/libdispatch.dylib
0x00000001b9493000 	/usr/lib/system/libdyld.dylib
0x00000001c3edd000 	/usr/lib/system/libkeymgr.dylib
0x00000001c3e87000 	/usr/lib/system/libmacho.dylib
0x00000001c3587000 	/usr/lib/system/libquarantine.dylib
0x00000001c3eda000 	/usr/lib/system/libremovefile.dylib
0x00000001be625000 	/usr/lib/system/libsystem_asl.dylib
0x00000001b91d0000 	/usr/lib/system/libsystem_blocks.dylib
0x00000001b9351000 	/usr/lib/system/libsystem_c.dylib
0x00000001c3ed2000 	/usr/lib/system/libsystem_collections.dylib
0x00000001c2a46000 	/usr/lib/system/libsystem_configuration.dylib
0x00000001c1cca000 	/usr/lib/system/libsystem_containermanager.dylib
0x00000001c3bee000 	/usr/lib/system/libsystem_coreservices.dylib
0x00000001bbbb7000 	/usr/lib/system/libsystem_darwin.dylib
0x00000001c3ede000 	/usr/lib/system/libsystem_dnssd.dylib
0x00000001b934e000 	/usr/lib/system/libsystem_featureflags.dylib
0x00000001b94a8000 	/usr/lib/system/libsystem_info.dylib
0x00000001c3e4f000 	/usr/lib/system/libsystem_m.dylib
0x00000001b92a0000 	/usr/lib/system/libsystem_malloc.dylib
0x00000001be5b6000 	/usr/lib/system/libsystem_networkextension.dylib
0x00000001bc00b000 	/usr/lib/system/libsystem_notify.dylib
0x00000001ca0f1000 	/usr/lib/system/libsystem_product_info_filter.dylib
0x00000001c2a4b000 	/usr/lib/system/libsystem_sandbox.dylib
0x00000001c3ed7000 	/usr/lib/system/libsystem_secinit.dylib
0x00000001b9450000 	/usr/lib/system/libsystem_kernel.dylib
0x00000001b94a0000 	/usr/lib/system/libsystem_platform.dylib
0x00000001b9486000 	/usr/lib/system/libsystem_pthread.dylib
0x00000001bfd62000 	/usr/lib/system/libsystem_symptoms.dylib
0x00000001b920c000 	/usr/lib/system/libsystem_trace.dylib
0x00000001c3eb2000 	/usr/lib/system/libunwind.dylib
0x00000001b91d2000 	/usr/lib/system/libxpc.dylib
0x00000001b9436000 	/usr/lib/libc++abi.dylib
0x00000001b9312000 	/usr/lib/libobjc.A.dylib
0x00000001c3ebd000 	/usr/lib/liboah.dylib
0x00000001b93d2000 	/usr/lib/libc++.1.dylib
0x00000001cfaf2000 	/System/Library/Frameworks/Cocoa.framework/Versions/A/Cocoa
0x00000001bc06b000 	/System/Library/Frameworks/AppKit.framework/Versions/C/AppKit
0x00000001bf5a1000 	/System/Library/Frameworks/CoreData.framework/Versions/A/CoreData
0x00000001ba3c8000 	/System/Library/Frameworks/Foundation.framework/Versions/C/Foundation
0x00000001bcf22000 	/System/Library/PrivateFrameworks/UIFoundation.framework/Versions/A/UIFoundation
0x00000001c9deb000 	/System/Library/PrivateFrameworks/RemoteViewServices.framework/Versions/A/RemoteViewServices
0x00000001c2404000 	/System/Library/PrivateFrameworks/XCTTargetBootstrap.framework/Versions/A/XCTTargetBootstrap
0x00000001c5bee000 	/System/Library/PrivateFrameworks/InternationalSupport.framework/Versions/A/InternationalSupport
0x00000001c5c77000 	/System/Library/PrivateFrameworks/UserActivity.framework/Versions/A/UserActivity
0x00000001c511c000 	/usr/lib/libspindump.dylib
0x00000001bd192000 	/System/Library/Frameworks/UniformTypeIdentifiers.framework/Versions/A/UniformTypeIdentifiers
0x00000001c0991000 	/usr/lib/libapp_launch_measurement.dylib
0x00000001bff09000 	/System/Library/PrivateFrameworks/CoreAnalytics.framework/Versions/A/CoreAnalytics
0x00000001c0994000 	/System/Library/PrivateFrameworks/CoreAutoLayout.framework/Versions/A/CoreAutoLayout
0x00000001c1d07000 	/System/Library/Frameworks/Metal.framework/Versions/A/Metal
0x00000001c2a56000 	/usr/lib/liblangid.dylib
0x00000001c2408000 	/System/Library/PrivateFrameworks/CoreSVG.framework/Versions/A/CoreSVG
0x00000001be659000 	/System/Library/PrivateFrameworks/SkyLight.framework/Versions/A/SkyLight
0x00000001bea26000 	/System/Library/Frameworks/CoreGraphics.framework/Versions/A/CoreGraphics
0x00000001ca469000 	/System/Library/Frameworks/Accelerate.framework/Versions/A/Accelerate
0x00000001c4b90000 	/System/Library/PrivateFrameworks/IconServices.framework/Versions/A/IconServices
0x00000001c1ce9000 	/System/Library/Frameworks/IOSurface.framework/Versions/A/IOSurface
0x00000001bff39000 	/usr/lib/libDiagnosticMessagesClient.dylib
0x00000001cd8b2000 	/System/Library/Frameworks/ApplicationServices.framework/Versions/A/ApplicationServices
0x00000001c23ec000 	/System/Library/PrivateFrameworks/DFRFoundation.framework/Versions/A/DFRFoundation
0x00000001bb90c000 	/usr/lib/libicucore.A.dylib
0x00000001c69ef000 	/System/Library/Frameworks/AudioToolbox.framework/Versions/A/AudioToolbox
0x00000001c5bfa000 	/System/Library/PrivateFrameworks/DataDetectorsCore.framework/Versions/A/DataDetectorsCore
0x00000001dbd48000 	/System/Library/PrivateFrameworks/TextInput.framework/Versions/A/TextInput
0x00000001be5d0000 	/usr/lib/libMobileGestalt.dylib
0x00000001c20bc000 	/System/Library/Frameworks/Carbon.framework/Versions/A/Frameworks/HIToolbox.framework/Versions/A/HIToolbox
0x00000001c039a000 	/System/Library/Frameworks/QuartzCore.framework/Versions/A/QuartzCore
0x00000001bb589000 	/System/Library/Frameworks/Security.framework/Versions/A/Security
0x00000001c9e2b000 	/System/Library/Frameworks/Carbon.framework/Versions/A/Frameworks/SpeechRecognition.framework/Versions/A/SpeechRecognition
0x00000001c06e8000 	/System/Library/PrivateFrameworks/CoreUI.framework/Versions/A/CoreUI
0x00000001bae5a000 	/System/Library/Frameworks/CoreAudio.framework/Versions/A/CoreAudio
0x00000001c002d000 	/System/Library/Frameworks/DiskArbitration.framework/Versions/A/DiskArbitration
0x00000001c5501000 	/System/Library/PrivateFrameworks/MultitouchSupport.framework/Versions/A/MultitouchSupport
0x00000001be5ce000 	/usr/lib/libenergytrace.dylib
0x00000001bbf35000 	/System/Library/Frameworks/IOKit.framework/Versions/A/IOKit
0x00000001ca214000 	/System/Library/Frameworks/CoreServices.framework/Versions/A/CoreServices
0x00000001c0921000 	/System/Library/PrivateFrameworks/PerformanceAnalysis.framework/Versions/A/PerformanceAnalysis
0x000000021a8f5000 	/System/Library/Frameworks/OpenGL.framework/Versions/A/OpenGL
0x00000001c34a7000 	/System/Library/PrivateFrameworks/MobileKeyBag.framework/Versions/A/MobileKeyBag
0x00000001bf036000 	/System/Library/Frameworks/ColorSync.framework/Versions/A/ColorSync
0x00000001b94d4000 	/System/Library/Frameworks/CoreFoundation.framework/Versions/A/CoreFoundation
0x00000001c2689000 	/System/Library/Frameworks/CoreImage.framework/Versions/A/CoreImage
0x00000001bac7d000 	/System/Library/Frameworks/CoreText.framework/Versions/A/CoreText
0x00000001c2438000 	/System/Library/Frameworks/ImageIO.framework/Versions/A/ImageIO
0x00000001c3ef3000 	/System/Library/PrivateFrameworks/SoftLinking.framework/Versions/A/SoftLinking
0x00000001c09de000 	/usr/lib/libxml2.2.dylib
0x00000001c418c000 	/usr/lib/libcompression.dylib
0x00000001c5b47000 	/System/Library/PrivateFrameworks/TextureIO.framework/Versions/A/TextureIO
0x00000001c48aa000 	/usr/lib/libate.dylib
0x00000001c4772000 	/usr/lib/liblzma.5.dylib
0x00000001ba0bc000 	/System/Library/Frameworks/SystemConfiguration.framework/Versions/A/SystemConfiguration
0x00000001c3eef000 	/usr/lib/libfakelink.dylib
0x00000001be0fd000 	/System/Library/Frameworks/CFNetwork.framework/Versions/A/CFNetwork
0x00000001c4036000 	/usr/lib/libarchive.2.dylib
0x00000001c2a52000 	/System/Library/PrivateFrameworks/AppleSystemInfo.framework/Versions/A/AppleSystemInfo
0x00000001c35b2000 	/usr/lib/libbsm.0.dylib
0x00000001bd635000 	/usr/lib/libnetwork.dylib
0x00000001c3e8d000 	/usr/lib/system/libkxld.dylib
0x00000001c31c9000 	/System/Library/PrivateFrameworks/IOMobileFramebuffer.framework/Versions/A/IOMobileFramebuffer
0x0000000236726000 	/usr/lib/libCoreEntitlements.dylib
0x00000001c3bd0000 	/System/Library/PrivateFrameworks/AppleFSCompression.framework/Versions/A/AppleFSCompression
0x00000001c359a000 	/usr/lib/libcoretls.dylib
0x00000001c478b000 	/usr/lib/libcoretls_cfhelpers.dylib
0x00000001c4187000 	/usr/lib/libpam.2.dylib
0x00000001bf98a000 	/usr/lib/libsqlite3.dylib
0x00000001c47f3000 	/usr/lib/libxar.1.dylib
0x00000001c3be1000 	/usr/lib/libbz2.1.0.dylib
0x00000001c3ef4000 	/usr/lib/libpcap.A.dylib
0x00000001bfd59000 	/usr/lib/libdns_services.dylib
0x00000001c415a000 	/usr/lib/libapple_nghttp2.dylib
0x00000001c3f31000 	/usr/lib/libiconv.2.dylib
0x00000001c3e86000 	/usr/lib/libcharset.1.dylib
0x00000001c095d000 	/System/Library/Frameworks/CoreServices.framework/Versions/A/Frameworks/FSEvents.framework/Versions/A/FSEvents
0x00000001bbbc2000 	/System/Library/Frameworks/CoreServices.framework/Versions/A/Frameworks/CarbonCore.framework/Versions/A/CarbonCore
0x00000001bff90000 	/System/Library/Frameworks/CoreServices.framework/Versions/A/Frameworks/Metadata.framework/Versions/A/Metadata
0x00000001c3bf4000 	/System/Library/Frameworks/CoreServices.framework/Versions/A/Frameworks/OSServices.framework/Versions/A/OSServices
0x00000001c40bc000 	/System/Library/Frameworks/CoreServices.framework/Versions/A/Frameworks/SearchKit.framework/Versions/A/SearchKit
0x00000001bfce7000 	/System/Library/Frameworks/CoreServices.framework/Versions/A/Frameworks/AE.framework/Versions/A/AE
0x00000001b9a18000 	/System/Library/Frameworks/CoreServices.framework/Versions/A/Frameworks/LaunchServices.framework/Versions/A/LaunchServices
0x00000001c471b000 	/System/Library/Frameworks/CoreServices.framework/Versions/A/Frameworks/DictionaryServices.framework/Versions/A/DictionaryServices
0x00000001c096a000 	/System/Library/Frameworks/CoreServices.framework/Versions/A/Frameworks/SharedFileList.framework/Versions/A/SharedFileList
0x00000001c358a000 	/usr/lib/libCheckFix.dylib
0x00000001be63d000 	/System/Library/PrivateFrameworks/TCC.framework/Versions/A/TCC
0x00000001c2a58000 	/System/Library/PrivateFrameworks/CoreNLP.framework/Versions/A/CoreNLP
0x00000001bff3c000 	/System/Library/PrivateFrameworks/MetadataUtilities.framework/Versions/A/MetadataUtilities
0x00000001ba175000 	/usr/lib/libmecabra.dylib
0x00000001c35c3000 	/usr/lib/libmecab.dylib
0x00000001ba141000 	/usr/lib/libCRFSuite.dylib
0x00000001c3621000 	/usr/lib/libgermantok.dylib
0x00000001c4133000 	/usr/lib/libThaiTokenizer.dylib
0x00000001c0035000 	/System/Library/Frameworks/Accelerate.framework/Versions/A/Frameworks/vImage.framework/Versions/A/vImage
0x00000001ca1eb000 	/System/Library/Frameworks/Accelerate.framework/Versions/A/Frameworks/vecLib.framework/Versions/A/vecLib
0x00000001c4837000 	/System/Library/Frameworks/Accelerate.framework/Versions/A/Frameworks/vecLib.framework/Versions/A/libvMisc.dylib
0x00000001c30d3000 	/System/Library/Frameworks/Accelerate.framework/Versions/A/Frameworks/vecLib.framework/Versions/A/libvDSP.dylib
0x00000001b9d9b000 	/System/Library/Frameworks/Accelerate.framework/Versions/A/Frameworks/vecLib.framework/Versions/A/libBLAS.dylib
0x00000001c425b000 	/System/Library/Frameworks/Accelerate.framework/Versions/A/Frameworks/vecLib.framework/Versions/A/libLAPACK.dylib
0x00000001c3624000 	/System/Library/Frameworks/Accelerate.framework/Versions/A/Frameworks/vecLib.framework/Versions/A/libLinearAlgebra.dylib
0x00000001c4172000 	/System/Library/Frameworks/Accelerate.framework/Versions/A/Frameworks/vecLib.framework/Versions/A/libSparseBLAS.dylib
0x00000001c4256000 	/System/Library/Frameworks/Accelerate.framework/Versions/A/Frameworks/vecLib.framework/Versions/A/libQuadrature.dylib
0x00000001c2b4f000 	/System/Library/Frameworks/Accelerate.framework/Versions/A/Frameworks/vecLib.framework/Versions/A/libBNNS.dylib
0x00000001ba059000 	/System/Library/Frameworks/Accelerate.framework/Versions/A/Frameworks/vecLib.framework/Versions/A/libSparse.dylib
0x00000001c2b47000 	/System/Library/PrivateFrameworks/LinguisticData.framework/Versions/A/LinguisticData
0x00000001ba00f000 	/System/Library/PrivateFrameworks/Lexicon.framework/Versions/A/Lexicon
0x00000001c482f000 	/usr/lib/libChineseTokenizer.dylib
0x00000001ba7b6000 	/System/Library/PrivateFrameworks/LanguageModeling.framework/Versions/A/LanguageModeling
0x00000001c4135000 	/System/Library/PrivateFrameworks/AppleSauce.framework/Versions/A/AppleSauce
0x00000001c31b6000 	/System/Library/PrivateFrameworks/CoreEmoji.framework/Versions/A/CoreEmoji
0x00000001c4024000 	/usr/lib/libcmph.dylib
0x00000001c093d000 	/System/Library/Frameworks/OpenDirectory.framework/Versions/A/Frameworks/CFOpenDirectory.framework/Versions/A/CFOpenDirectory
0x00000001c092d000 	/System/Library/Frameworks/OpenDirectory.framework/Versions/A/OpenDirectory
0x00000001c478d000 	/System/Library/PrivateFrameworks/APFS.framework/Versions/A/APFS
0x00000001c34e2000 	/System/Library/Frameworks/SecurityFoundation.framework/Versions/A/SecurityFoundation
0x00000001c4801000 	/usr/lib/libutil.dylib
0x00000001bbef7000 	/System/Library/PrivateFrameworks/CoreServicesStore.framework/Versions/A/CoreServicesStore
0x00000001c4805000 	/usr/lib/libxslt.1.dylib
0x00000001c3576000 	/System/Library/PrivateFrameworks/BackgroundTaskManagement.framework/Versions/A/BackgroundTaskManagement
0x00000001c5a68000 	/System/Library/Frameworks/ImageIO.framework/Versions/A/Resources/libRadiance.dylib
0x00000001c5a71000 	/System/Library/Frameworks/ImageIO.framework/Versions/A/Resources/libJPEG.dylib
0x00000001c59c3000 	/System/Library/Frameworks/ImageIO.framework/Versions/A/Resources/libPng.dylib
0x00000001c59e5000 	/System/Library/Frameworks/ImageIO.framework/Versions/A/Resources/libTIFF.dylib
0x00000001c5acc000 	/System/Library/Frameworks/ImageIO.framework/Versions/A/Resources/libGIF.dylib
0x00000001c5411000 	/System/Library/Frameworks/ImageIO.framework/Versions/A/Resources/libJP2.dylib
0x00000001c4b56000 	/usr/lib/libexpat.1.dylib
0x00000001c53cc000 	/System/Library/PrivateFrameworks/AppleJPEG.framework/Versions/A/AppleJPEG
0x00000001c1f7b000 	/System/Library/PrivateFrameworks/FontServices.framework/libFontParser.dylib
0x00000001bfc8c000 	/System/Library/PrivateFrameworks/RunningBoardServices.framework/Versions/A/RunningBoardServices
0x00000001d0168000 	/System/Library/PrivateFrameworks/IOSurfaceAccelerator.framework/Versions/A/IOSurfaceAccelerator
0x00000001c54fd000 	/System/Library/PrivateFrameworks/WatchdogClient.framework/Versions/A/WatchdogClient
0x00000001ba8ba000 	/System/Library/Frameworks/CoreDisplay.framework/Versions/A/CoreDisplay
0x00000001c1e69000 	/System/Library/Frameworks/CoreMedia.framework/Versions/A/CoreMedia
0x00000001c1cfd000 	/System/Library/PrivateFrameworks/IOAccelerator.framework/Versions/A/IOAccelerator
0x00000001c0acb000 	/System/Library/Frameworks/CoreVideo.framework/Versions/A/CoreVideo
0x00000001c4185000 	/System/Library/Frameworks/MetalPerformanceShaders.framework/Versions/A/MetalPerformanceShaders
0x00000001c553a000 	/System/Library/Frameworks/VideoToolbox.framework/Versions/A/VideoToolbox
0x00000001bfbd0000 	/System/Library/PrivateFrameworks/BaseBoard.framework/Versions/A/BaseBoard
0x00000001bf96f000 	/System/Library/PrivateFrameworks/ProtocolBuffer.framework/Versions/A/ProtocolBuffer
0x00000001c5a63000 	/System/Library/PrivateFrameworks/GPUWrangler.framework/Versions/A/GPUWrangler
0x00000001c5a42000 	/System/Library/PrivateFrameworks/IOPresentment.framework/Versions/A/IOPresentment
0x00000001c5a6b000 	/System/Library/PrivateFrameworks/DSExternalDisplay.framework/Versions/A/DSExternalDisplay
0x000000021a8e8000 	/System/Library/Frameworks/OpenGL.framework/Versions/A/Libraries/libCoreFSCache.dylib
0x00000002240d3000 	/System/Library/PrivateFrameworks/GPUCompiler.framework/Versions/31001/Libraries/libGPUCompilerUtils.dylib
0x00000001c5ad1000 	/System/Library/PrivateFrameworks/CMCaptureCore.framework/Versions/A/CMCaptureCore
0x00000001c510a000 	/System/Library/PrivateFrameworks/AppServerSupport.framework/Versions/A/AppServerSupport
0x00000001c72aa000 	/System/Library/PrivateFrameworks/perfdata.framework/Versions/A/perfdata
0x00000001ba9da000 	/System/Library/PrivateFrameworks/AudioToolboxCore.framework/Versions/A/AudioToolboxCore
0x00000001c1e41000 	/System/Library/PrivateFrameworks/caulk.framework/Versions/A/caulk
0x00000001c6b9f000 	/usr/lib/libAudioStatistics.dylib
0x00000001d84bc000 	/System/Library/PrivateFrameworks/SystemPolicy.framework/Versions/A/SystemPolicy
0x00000001c6dff000 	/usr/lib/libSMC.dylib
0x00000001cf9d4000 	/System/Library/Frameworks/CoreMIDI.framework/Versions/A/CoreMIDI
0x00000001c5991000 	/usr/lib/libAudioToolboxUtility.dylib
0x00000001d48e9000 	/System/Library/PrivateFrameworks/OSAServicesClient.framework/Versions/A/OSAServicesClient
0x00000001c72b7000 	/usr/lib/libperfcheck.dylib
0x00000001d8fc3000 	/usr/lib/libmis.dylib
0x000000021a949000 	/System/Library/Frameworks/OpenGL.framework/Versions/A/Libraries/libGLU.dylib
0x000000021a908000 	/System/Library/Frameworks/OpenGL.framework/Versions/A/Libraries/libGFXShared.dylib
0x000000021aaf2000 	/System/Library/Frameworks/OpenGL.framework/Versions/A/Libraries/libGL.dylib
0x000000021a911000 	/System/Library/Frameworks/OpenGL.framework/Versions/A/Libraries/libGLImage.dylib
0x000000021a905000 	/System/Library/Frameworks/OpenGL.framework/Versions/A/Libraries/libCVMSPluginSupport.dylib
0x000000021a8ef000 	/System/Library/Frameworks/OpenGL.framework/Versions/A/Libraries/libCoreVMClient.dylib
0x00000001c29d3000 	/System/Library/Frameworks/MetalPerformanceShaders.framework/Versions/A/Frameworks/MPSCore.framework/Versions/A/MPSCore
0x00000001c3b43000 	/System/Library/Frameworks/MetalPerformanceShaders.framework/Versions/A/Frameworks/MPSImage.framework/Versions/A/MPSImage
0x00000001c3639000 	/System/Library/Frameworks/MetalPerformanceShaders.framework/Versions/A/Frameworks/MPSNeuralNetwork.framework/Versions/A/MPSNeuralNetwork
0x00000001c3a76000 	/System/Library/Frameworks/MetalPerformanceShaders.framework/Versions/A/Frameworks/MPSMatrix.framework/Versions/A/MPSMatrix
0x00000001c3851000 	/System/Library/Frameworks/MetalPerformanceShaders.framework/Versions/A/Frameworks/MPSRayIntersector.framework/Versions/A/MPSRayIntersector
0x00000001c3aa7000 	/System/Library/Frameworks/MetalPerformanceShaders.framework/Versions/A/Frameworks/MPSNDArray.framework/Versions/A/MPSNDArray
0x000000021c620000 	/System/Library/Frameworks/MetalPerformanceShaders.framework/Versions/A/Frameworks/MPSFunctions.framework/Versions/A/MPSFunctions
0x00000001b9c79000 	/System/Library/PrivateFrameworks/MetalTools.framework/Versions/A/MetalTools
0x00000001c2a50000 	/System/Library/PrivateFrameworks/AggregateDictionary.framework/Versions/A/AggregateDictionary
0x00000001c493c000 	/usr/lib/libIOReport.dylib
0x00000001ce9bb000 	/System/Library/PrivateFrameworks/ASEProcessing.framework/Versions/A/ASEProcessing
0x00000001c4caf000 	/System/Library/PrivateFrameworks/FaceCore.framework/Versions/A/FaceCore
0x00000001c4ca1000 	/System/Library/PrivateFrameworks/GraphVisualizer.framework/Versions/A/GraphVisualizer
0x0000000223fea000 	/System/Library/PrivateFrameworks/FontServices.framework/Versions/A/FontServices
0x00000001c50c4000 	/System/Library/PrivateFrameworks/OTSVG.framework/Versions/A/OTSVG
0x00000001c0699000 	/System/Library/Frameworks/ApplicationServices.framework/Versions/A/Frameworks/ATS.framework/Versions/A/Resources/libFontRegistry.dylib
0x00000001c5113000 	/System/Library/PrivateFrameworks/FontServices.framework/libhvf.dylib
0x0000000223feb000 	/System/Library/PrivateFrameworks/FontServices.framework/libXTFontStaticRegistryData.dylib
0x000000021ac94000 	/System/Library/Frameworks/OpenCL.framework/Versions/A/OpenCL
0x00000001c4b0a000 	/System/Library/PrivateFrameworks/AppleVA.framework/Versions/A/AppleVA
0x00000001c6bc7000 	/System/Library/Frameworks/ApplicationServices.framework/Versions/A/Frameworks/ATS.framework/Versions/A/ATS
0x00000001bf133000 	/System/Library/Frameworks/ApplicationServices.framework/Versions/A/Frameworks/HIServices.framework/Versions/A/HIServices
0x00000001c5adb000 	/System/Library/Frameworks/ApplicationServices.framework/Versions/A/Frameworks/PrintCore.framework/Versions/A/PrintCore
0x00000001c6f52000 	/System/Library/Frameworks/ApplicationServices.framework/Versions/A/Frameworks/QD.framework/Versions/A/QD
0x00000001c6f4a000 	/System/Library/Frameworks/ApplicationServices.framework/Versions/A/Frameworks/ColorSyncLegacy.framework/Versions/A/ColorSyncLegacy
0x00000001c6bb3000 	/System/Library/Frameworks/ApplicationServices.framework/Versions/A/Frameworks/SpeechSynthesis.framework/Versions/A/SpeechSynthesis
0x00000001c5a9c000 	/System/Library/Frameworks/ApplicationServices.framework/Versions/A/Frameworks/ATSUI.framework/Versions/A/ATSUI
0x00000001c6edf000 	/usr/lib/libcups.2.dylib
0x00000001c72c5000 	/System/Library/Frameworks/Kerberos.framework/Versions/A/Kerberos
0x00000001c72d6000 	/System/Library/Frameworks/GSS.framework/Versions/A/GSS
0x00000001c6c36000 	/usr/lib/libresolv.9.dylib
0x00000001c5121000 	/System/Library/PrivateFrameworks/Heimdal.framework/Versions/A/Heimdal
0x00000001cdc2a000 	/System/Library/Frameworks/Kerberos.framework/Versions/A/Libraries/libHeimdalProxy.dylib
0x00000001bfd6b000 	/System/Library/Frameworks/Network.framework/Versions/A/Network
0x00000001c4b71000 	/usr/lib/libheimdal-asn1.dylib
0x00000001c731c000 	/System/Library/PrivateFrameworks/CommonAuth.framework/Versions/A/CommonAuth
0x00000001c6b2d000 	/System/Library/PrivateFrameworks/AudioSession.framework/Versions/A/AudioSession
0x00000001c4c02000 	/System/Library/PrivateFrameworks/MediaExperience.framework/Versions/A/MediaExperience
0x00000001c69b5000 	/System/Library/PrivateFrameworks/AudioSession.framework/libSessionUtility.dylib
0x00000001c6f5e000 	/System/Library/PrivateFrameworks/AudioResourceArbitration.framework/Versions/A/AudioResourceArbitration
0x00000001cb069000 	/System/Library/PrivateFrameworks/PowerLog.framework/Versions/A/PowerLog
0x00000001c4b7a000 	/System/Library/PrivateFrameworks/IconFoundation.framework/Versions/A/IconFoundation
0x00000001c9e17000 	/System/Library/PrivateFrameworks/SpeechRecognitionCore.framework/Versions/A/SpeechRecognitionCore
0x0000000101824000 	/Library/Java/JavaVirtualMachines/jdk-17.0.2.jdk/Contents/Home/lib/server/libjvm.dylib
0x000000010072c000 	/Library/Java/JavaVirtualMachines/jdk-17.0.2.jdk/Contents/Home/lib/libjimage.dylib
0x0000000100758000 	/Library/Java/JavaVirtualMachines/jdk-17.0.2.jdk/Contents/Home/lib/libinstrument.dylib
0x0000000100964000 	/Library/Java/JavaVirtualMachines/jdk-17.0.2.jdk/Contents/Home/lib/libjava.dylib
0x000000011eef0000 	/Library/Java/JavaVirtualMachines/jdk-17.0.2.jdk/Contents/Home/lib/libnio.dylib
0x000000011ef10000 	/Library/Java/JavaVirtualMachines/jdk-17.0.2.jdk/Contents/Home/lib/libnet.dylib
0x0000000100948000 	/Library/Java/JavaVirtualMachines/jdk-17.0.2.jdk/Contents/Home/lib/libzip.dylib
0x000000011ef34000 	/Users/bourbxn/.openjfx/cache/17.0.1/libprism_es2.dylib
0x00000001bbeba000 	/System/Library/PrivateFrameworks/CoreServicesInternal.framework/Versions/A/CoreServicesInternal
0x000000021aafc000 	/System/Library/Frameworks/OpenGL.framework/Versions/A/Resources/GLEngine.bundle/GLEngine
0x000000021a983000 	/System/Library/Frameworks/OpenGL.framework/Versions/A/Libraries/libGLProgrammability.dylib
0x0000000121cd4000 	/System/Library/Extensions/AppleMetalOpenGLRenderer.bundle/Contents/MacOS/AppleMetalOpenGLRenderer
0x000000021ac6b000 	/System/Library/Frameworks/OpenGL.framework/Versions/A/Resources/GLRendererFloat.bundle/GLRendererFloat
0x000000021ad0c000 	/System/Library/Extensions/AGXMetal13_3.bundle/Contents/MacOS/AGXMetal13_3
0x00000001d8fdf000 	/System/Library/PrivateFrameworks/GPURawCounter.framework/Versions/A/GPURawCounter
0x00000001d3a6d000 	/System/Library/PrivateFrameworks/IOGPU.framework/Versions/A/IOGPU
0x0000000121d6c000 	/Users/bourbxn/.openjfx/cache/17.0.1/libglass.dylib
0x00000001cb2bd000 	/System/Library/Frameworks/FileProvider.framework/Versions/A/FileProvider
0x00000001bfb38000 	/System/Library/Frameworks/Accounts.framework/Versions/A/Accounts
0x00000001cb43d000 	/System/Library/PrivateFrameworks/GenerationalStorage.framework/Versions/A/GenerationalStorage
0x00000001cbff3000 	/System/Library/PrivateFrameworks/CoreSymbolication.framework/Versions/A/CoreSymbolication
0x00000001cb05d000 	/System/Library/PrivateFrameworks/SymptomDiagnosticReporter.framework/Versions/A/SymptomDiagnosticReporter
0x00000001bd1a6000 	/System/Library/PrivateFrameworks/DesktopServicesPriv.framework/Versions/A/DesktopServicesPriv
0x00000001bc01a000 	/usr/lib/libsandbox.1.dylib
0x00000001c0b58000 	/System/Library/PrivateFrameworks/UserManagement.framework/Versions/A/UserManagement
0x00000001cbfb4000 	/System/Library/PrivateFrameworks/DebugSymbols.framework/Versions/A/DebugSymbols
0x00000001c6f3d000 	/System/Library/PrivateFrameworks/NetAuth.framework/Versions/A/NetAuth
0x00000001c7e40000 	/System/Library/PrivateFrameworks/Sharing.framework/Versions/A/Sharing
0x00000001c0b28000 	/System/Library/PrivateFrameworks/login.framework/Versions/A/Frameworks/loginsupport.framework/Versions/A/loginsupport
0x00000001cd16c000 	/System/Library/PrivateFrameworks/Apple80211.framework/Versions/A/Apple80211
0x00000001c3c27000 	/System/Library/PrivateFrameworks/AuthKit.framework/Versions/A/AuthKit
0x00000001c32b5000 	/System/Library/PrivateFrameworks/CoreUtils.framework/Versions/A/CoreUtils
0x00000001c31d5000 	/System/Library/Frameworks/CoreWLAN.framework/Versions/A/CoreWLAN
0x00000001c7faa000 	/System/Library/Frameworks/IOBluetooth.framework/Versions/A/IOBluetooth
0x00000001cd1cc000 	/System/Library/PrivateFrameworks/CoreWiFi.framework/Versions/A/CoreWiFi
0x00000001cbb9b000 	/System/Library/PrivateFrameworks/FrontBoardServices.framework/Versions/A/FrontBoardServices
0x00000001cbc33000 	/System/Library/PrivateFrameworks/BoardServices.framework/Versions/A/BoardServices
0x00000001c34d0000 	/System/Library/PrivateFrameworks/AssertionServices.framework/Versions/A/AssertionServices
0x00000001cd33a000 	/System/Library/PrivateFrameworks/BackBoardServices.framework/Versions/A/BackBoardServices
0x00000001c73af000 	/System/Library/PrivateFrameworks/CorePhoneNumbers.framework/Versions/A/CorePhoneNumbers
0x00000001cb18d000 	/System/Library/PrivateFrameworks/DiskManagement.framework/Versions/A/DiskManagement
0x00000001cb090000 	/System/Library/PrivateFrameworks/AppleIDAuthSupport.framework/Versions/A/AppleIDAuthSupport
0x000000021e90a000 	/System/Library/PrivateFrameworks/AAAFoundation.framework/Versions/A/AAAFoundation
0x00000001c738e000 	/System/Library/PrivateFrameworks/KeychainCircle.framework/Versions/A/KeychainCircle
0x00000001cb159000 	/System/Library/PrivateFrameworks/MediaKit.framework/Versions/A/MediaKit
0x00000001cb09d000 	/System/Library/Frameworks/DiscRecording.framework/Versions/A/DiscRecording
0x00000001c4a86000 	/usr/lib/libCoreStorage.dylib
0x00000001cd636000 	/usr/lib/libcsfde.dylib
0x00000001c807f000 	/System/Library/PrivateFrameworks/ProtectedCloudStorage.framework/Versions/A/ProtectedCloudStorage
0x00000001cd62e000 	/System/Library/PrivateFrameworks/EFILogin.framework/Versions/A/EFILogin
0x00000001cb464000 	/System/Library/PrivateFrameworks/OctagonTrust.framework/Versions/A/OctagonTrust
0x0000000223236000 	/System/Library/PrivateFrameworks/CoreUtilsExtras.framework/Versions/A/CoreUtilsExtras
0x00000001cafd2000 	/System/Library/Frameworks/CoreBluetooth.framework/Versions/A/CoreBluetooth
0x00000001cdcaf000 	/System/Library/Frameworks/AudioUnit.framework/Versions/A/AudioUnit
0x00000001c4a7e000 	/usr/lib/libMatch.1.dylib
0x00000001dd2d5000 	/System/Library/Frameworks/Accelerate.framework/Versions/A/Frameworks/vImage.framework/Versions/A/Libraries/libCGInterfaces.dylib
0x00000001230e0000 	/usr/lib/libobjc-trampolines.dylib
0x00000001c0825000 	/System/Library/PrivateFrameworks/ViewBridge.framework/Versions/A/ViewBridge
0x00000001c51cf000 	/System/Library/PrivateFrameworks/login.framework/Versions/A/login
0x00000001256c8000 	/Users/bourbxn/.openjfx/cache/17.0.1/libjavafx_font.dylib
0x00000002368a0000 	/usr/lib/libRosetta.dylib


VM Arguments:
jvm_args: -javaagent:/Users/bourbxn/Library/Application Support/JetBrains/Toolbox/apps/IDEA-C/ch-0/213.6777.52/IntelliJ IDEA CE.app/Contents/lib/idea_rt.jar=58927:/Users/bourbxn/Library/Application Support/JetBrains/Toolbox/apps/IDEA-C/ch-0/213.6777.52/IntelliJ IDEA CE.app/Contents/bin -Dfile.encoding=UTF-8 --module-path=/Users/bourbxn/.m2/repository/org/openjfx/javafx-controls/17.0.1/javafx-controls-17.0.1-mac-aarch64.jar:/Users/bourbxn/.m2/repository/org/openjfx/javafx-base/17.0.1/javafx-base-17.0.1-mac-aarch64.jar:/Users/bourbxn/.m2/repository/org/openjfx/javafx-fxml/17.0.1/javafx-fxml-17.0.1-mac-aarch64.jar:/Users/bourbxn/.m2/repository/org/openjfx/javafx-graphics/17.0.1/javafx-graphics-17.0.1-mac-aarch64.jar:/Users/bourbxn/Dev/Object Oriented Programming Lab/GitHub/Lab09_1/target/classes -Djdk.module.main=com.javafx.lab09_1 
java_command: com.javafx.lab09_1/com.javafx.lab09_1.HelloApplication
java_class_path (initial): /Users/bourbxn/.m2/repository/org/openjfx/javafx-controls/17.0.1/javafx-controls-17.0.1.jar:/Users/bourbxn/.m2/repository/org/openjfx/javafx-graphics/17.0.1/javafx-graphics-17.0.1.jar:/Users/bourbxn/.m2/repository/org/openjfx/javafx-base/17.0.1/javafx-base-17.0.1.jar:/Users/bourbxn/.m2/repository/org/openjfx/javafx-fxml/17.0.1/javafx-fxml-17.0.1.jar
Launcher Type: SUN_STANDARD

[Global flags]
     intx CICompilerCount                          = 4                                         {product} {ergonomic}
     uint ConcGCThreads                            = 2                                         {product} {ergonomic}
     uint G1ConcRefinementThreads                  = 8                                         {product} {ergonomic}
   size_t G1HeapRegionSize                         = 1048576                                   {product} {ergonomic}
    uintx GCDrainStackTargetSize                   = 64                                        {product} {ergonomic}
   size_t InitialHeapSize                          = 134217728                                 {product} {ergonomic}
   size_t MarkStackSize                            = 4194304                                   {product} {ergonomic}
   size_t MaxHeapSize                              = 2147483648                                {product} {ergonomic}
   size_t MaxNewSize                               = 1287651328                                {product} {ergonomic}
   size_t MinHeapDeltaBytes                        = 1048576                                   {product} {ergonomic}
   size_t MinHeapSize                              = 8388608                                   {product} {ergonomic}
    uintx NonNMethodCodeHeapSize                   = 5839564                                {pd product} {ergonomic}
    uintx NonProfiledCodeHeapSize                  = 122909338                              {pd product} {ergonomic}
    uintx ProfiledCodeHeapSize                     = 122909338                              {pd product} {ergonomic}
    uintx ReservedCodeCacheSize                    = 251658240                              {pd product} {ergonomic}
     bool SegmentedCodeCache                       = true                                      {product} {ergonomic}
   size_t SoftMaxHeapSize                          = 2147483648                             {manageable} {ergonomic}
     bool UseCompressedClassPointers               = true                           {product lp64_product} {ergonomic}
     bool UseCompressedOops                        = true                           {product lp64_product} {ergonomic}
     bool UseG1GC                                  = true                                      {product} {ergonomic}
     bool UseNUMA                                  = false                                     {product} {ergonomic}
     bool UseNUMAInterleaving                      = false                                     {product} {ergonomic}

Logging:
Log output configuration:
 #0: stdout all=warning uptime,level,tags
 #1: stderr all=off uptime,level,tags

Environment Variables:
PATH=/opt/local/bin:/opt/local/sbin:/opt/homebrew/bin:/opt/homebrew/sbin:/usr/local/bin:/usr/bin:/bin:/usr/sbin:/sbin:/Applications/Wireshark.app/Contents/MacOS
SHELL=/bin/zsh
LC_CTYPE=en_US.UTF-8

Signal Handlers:
   SIGSEGV: _ZL13crash_handleriP9__siginfoPv in libjvm.dylib, mask=11100110000111110111111111111111, flags=SA_RESTART|SA_SIGINFO
    SIGBUS: _ZL13crash_handleriP9__siginfoPv in libjvm.dylib, mask=11100110000111110111111111111111, flags=SA_RESTART|SA_SIGINFO
    SIGFPE: _ZL13crash_handleriP9__siginfoPv in libjvm.dylib, mask=11100110000111110111111111111111, flags=SA_RESTART|SA_SIGINFO
   SIGPIPE: _ZL17javaSignalHandleriP9__siginfoPv in libjvm.dylib, mask=11100110000111110111111111111111, flags=SA_RESTART|SA_SIGINFO
   SIGXFSZ: _ZL17javaSignalHandleriP9__siginfoPv in libjvm.dylib, mask=11100110000111110111111111111111, flags=SA_RESTART|SA_SIGINFO
    SIGILL: _ZL13crash_handleriP9__siginfoPv in libjvm.dylib, mask=11100110000111110111111111111111, flags=SA_RESTART|SA_SIGINFO
   SIGUSR2: _ZL10SR_handleriP9__siginfoP17__darwin_ucontext in libjvm.dylib, mask=00100000000000000000000000000000, flags=SA_RESTART|SA_SIGINFO
    SIGHUP: _ZL11UserHandleriPvS_ in libjvm.dylib, mask=11100110000111110111111111111111, flags=SA_RESTART|SA_SIGINFO
    SIGINT: _ZL11UserHandleriPvS_ in libjvm.dylib, mask=11100110000111110111111111111111, flags=SA_RESTART|SA_SIGINFO
   SIGTERM: _ZL11UserHandleriPvS_ in libjvm.dylib, mask=11100110000111110111111111111111, flags=SA_RESTART|SA_SIGINFO
   SIGQUIT: _ZL11UserHandleriPvS_ in libjvm.dylib, mask=11100110000111110111111111111111, flags=SA_RESTART|SA_SIGINFO
   SIGTRAP: _ZL13crash_handleriP9__siginfoPv in libjvm.dylib, mask=11100110000111110111111111111111, flags=SA_RESTART|SA_SIGINFO


---------------  S Y S T E M  ---------------

OS:
uname: Darwin 21.3.0 Darwin Kernel Version 21.3.0: Wed Jan  5 21:37:58 PST 2022; root:xnu-8019.80.24~20/RELEASE_ARM64_T8101 arm64
OS uptime: 6 days 5:27 hours
rlimit (soft/hard): STACK 8176k/65520k , CORE 0k/infinity , NPROC 1333/2000 , NOFILE 10240/infinity , AS infinity/infinity , CPU infinity/infinity , DATA infinity/infinity , FSIZE infinity/infinity , MEMLOCK infinity/infinity , RSS infinity/infinity
load average: 4.09 2.62 2.28

CPU: total 8 (initial active 8) 0x61:0x0:0x1b588bb3:0, fp, simd, crc, lse

Memory: 16k page, physical 8388608k(132480k free), swap 3145728k(1605376k free)

vm_info: Java HotSpot(TM) 64-Bit Server VM (17.0.2+8-LTS-86) for bsd-aarch64 JRE (17.0.2+8-LTS-86), built on Dec  7 2021 21:47:50 by "mach5one" with clang Apple LLVM 12.0.0 (clang-1200.0.32.29)

END.
